<?xml version="1.0"?>
<nidocument>
<nicomment>
<nifamily displayname="CompactRIO MDK" familyname="CompactRIO MDK">
</nifamily>
</nicomment>
<nierror code="-358619">
Third party C Series module error code. Refer to the module documentation for more information.
</nierror>
<nierror code="-358618">
Third party C Series module error code. Refer to the module documentation for more information.
</nierror>
<nierror code="-358617">
Third party C Series module error code. Refer to the module documentation for more information.
</nierror>
<nierror code="-358616">
Third party C Series module error code. Refer to the module documentation for more information.
</nierror>
<nierror code="-358615">
Third party C Series module error code. Refer to the module documentation for more information.
</nierror>
<nierror code="-358614">
Third party C Series module error code. Refer to the module documentation for more information.
</nierror>
<nierror code="-358613">
Third party C Series module error code. Refer to the module documentation for more information.
</nierror>
<nierror code="-358612">
Third party C Series module error code. Refer to the module documentation for more information.
</nierror>
<nierror code="-358611">
Third party C Series module error code. Refer to the module documentation for more information.
</nierror>
<nierror code="-358610">
Third party C Series module error code. Refer to the module documentation for more information.
</nierror>
<nierror code="-358609">
Third party C Series module error code. Refer to the module documentation for more information.
</nierror>
<nierror code="-358608">
Third party C Series module error code. Refer to the module documentation for more information.
</nierror>
<nierror code="-358607">
Third party C Series module error code. Refer to the module documentation for more information.
</nierror>
<nierror code="-358606">
Third party C Series module error code. Refer to the module documentation for more information.
</nierror>
<nierror code="-358605">
Third party C Series module error code. Refer to the module documentation for more information.
</nierror>
<nierror code="-358604">
Third party C Series module error code. Refer to the module documentation for more information.
</nierror>
<nierror code="-358603">
Third party C Series module error code. Refer to the module documentation for more information.
</nierror>
<nierror code="-358602">
Third party C Series module error code. Refer to the module documentation for more information.
</nierror>
<nierror code="-358601">
Third party C Series module error code. Refer to the module documentation for more information.
</nierror>
<nierror code="-358600">
Third party C Series module error code. Refer to the module documentation for more information.
</nierror>
<nierror code="358600">
Third party C Series module error code. Refer to the module documentation for more information.
</nierror>
<nierror code="358601">
Third party C Series module error code. Refer to the module documentation for more information.
</nierror>
<nierror code="358602">
Third party C Series module error code. Refer to the module documentation for more information.
</nierror>
<nierror code="358603">
Third party C Series module error code. Refer to the module documentation for more information.
</nierror>
<nierror code="358604">
Third party C Series module error code. Refer to the module documentation for more information.
</nierror>
<nierror code="358605">
Third party C Series module error code. Refer to the module documentation for more information.
</nierror>
<nierror code="358606">
Third party C Series module error code. Refer to the module documentation for more information.
</nierror>
<nierror code="358607">
Third party C Series module error code. Refer to the module documentation for more information.
</nierror>
<nierror code="358608">
Third party C Series module error code. Refer to the module documentation for more information.
</nierror>
<nierror code="358609">
Third party C Series module error code. Refer to the module documentation for more information.
</nierror>
<nierror code="358610">
Third party C Series module error code. Refer to the module documentation for more information.
</nierror>
<nierror code="358611">
Third party C Series module error code. Refer to the module documentation for more information.
</nierror>
<nierror code="358612">
Third party C Series module error code. Refer to the module documentation for more information.
</nierror>
<nierror code="358613">
Third party C Series module error code. Refer to the module documentation for more information.
</nierror>
<nierror code="358614">
Third party C Series module error code. Refer to the module documentation for more information.
</nierror>
<nierror code="358615">
Third party C Series module error code. Refer to the module documentation for more information.
</nierror>
<nierror code="358616">
Third party C Series module error code. Refer to the module documentation for more information.
</nierror>
<nierror code="358617">
Third party C Series module error code. Refer to the module documentation for more information.
</nierror>
<nierror code="358618">
Third party C Series module error code. Refer to the module documentation for more information.
</nierror>
<nierror code="358619">
Third party C Series module error code. Refer to the module documentation for more information.
</nierror>
</nidocument>
