<?xml version="1.0"?>
<nidocument>
<nicomment>
<nifamily displayname="CompactRIO" familyname="CompactRIO">
</nifamily>
</nicomment>
<nierror code="-65636">
Operation failed because User Program module type does not match target module. Verify the module type in the JSON file.
</nierror>
<nierror code="-65635">
The module IO conversion period exceeds the Scan Engine Scan Period.  Either increase the Scan Engine Scan Period or reduce the module IO converion period.
</nierror>
<nierror code="-65634">
The value entered for the Rated Phase Current property is not in the valid range. Valid values are greater than or equal to 0 A and less than or equal to the maximum value specified in the NI 9501 Operating Instructions and Specifications.
</nierror>
<nierror code="-65633">
The Rated Phase Current cannot be 0. Change the Rated Phase Current to a valid non-zero value. Refer to the help documentation for more information about this property.
</nierror>
<nierror code="-65632">
The drive is disabled due to a fault or other hardware issue. Use the Get Status method to determine the source of the issue, resolve the issue, then execute the Enable Drive method.
</nierror>
<nierror code="-65631">
You cannot execute this node when the drive is disabled. Enable the drive and try again.
</nierror>
<nierror code="-65630">
You cannot update this property when the drive is enabled. Disable the drive before updating this property.
</nierror>
<nierror code="-65629">
The value entered for the Splines per Scan property is not in the valid range. Valid values are 1 to 65,536.
</nierror>
<nierror code="-65628">
The value entered for the Spline Rate or Setpoint Rate property is not in the valid range. Valid values are 2000 to 20,000 module clock ticks.
</nierror>
<nierror code="-65627">
You cannot update this property when the module is in Fault state or Active state. Switch the module to Configuration state before updating this property.
</nierror>
<nierror code="-65626">
You cannot update properties when the module is in Initialization state. Switch to Configuration state before changing any properties.
</nierror>
<nierror code="-65625">
You cannot use this method when the module is in Initialization or Configuration state. Switch to Active or Fault state before executing this method.
</nierror>
<nierror code="-65624">
You cannot switch to Active state from Fault state until you clear the fault condition(s).
</nierror>
<nierror code="-65623">
You cannot switch from Initialization state to Active state or Fault state. The only valid state change from Initialization state is to Configuration state.
</nierror>
<nierror code="-65622">
Unable to communicate with the module. Reinsert the module and check connections. If the problem persists, contact National Instruments.
</nierror>
<nierror code="-65621">
The project contains a module in slot 16 that does not match the type of the module in slot 16 of the chassis.
</nierror>
<nierror code="-65620">
The project contains a module in slot 15 that does not match the type of the module in slot 15 of the chassis.
</nierror>
<nierror code="-65619">
The project contains a module in slot 14 that does not match the type of the module in slot 14 of the chassis.
</nierror>
<nierror code="-65618">
The project contains a module in slot 13 that does not match the type of the module in slot 13 of the chassis.
</nierror>
<nierror code="-65617">
The project contains a module in slot 12 that does not match the type of the module in slot 12 of the chassis.
</nierror>
<nierror code="-65616">
The project contains a module in slot 11 that does not match the type of the module in slot 11 of the chassis.
</nierror>
<nierror code="-65615">
The project contains a module in slot 10 that does not match the type of the module in slot 10 of the chassis.
</nierror>
<nierror code="-65614">
The project contains a module in slot 9 that does not match the type of the module in slot 9 of the chassis.
</nierror>
<nierror code="-65613">
The project contains a module in slot 8 that does not match the type of the module in slot 8 of the chassis.
</nierror>
<nierror code="-65612">
The project contains a module in slot 7 that does not match the type of the module in slot 7 of the chassis.
</nierror>
<nierror code="-65611">
The project contains a module in slot 6 that does not match the type of the module in slot 6 of the chassis.
</nierror>
<nierror code="-65610">
The project contains a module in slot 5 that does not match the type of the module in slot 5 of the chassis.
</nierror>
<nierror code="-65609">
The project contains a module in slot 4 that does not match the type of the module in slot 4 of the chassis.
</nierror>
<nierror code="-65608">
The project contains a module in slot 3 that does not match the type of the module in slot 3 of the chassis.
</nierror>
<nierror code="-65607">
The project contains a module in slot 2 that does not match the type of the module in slot 2 of the chassis.
</nierror>
<nierror code="-65606">
The project contains a module in slot 1 that does not match the type of the module in slot 1 of the chassis.
</nierror>
<nierror code="-65605">
The project contains a module in slot 16 but slot 16 is empty.
</nierror>
<nierror code="-65604">
The project contains a module in slot 15 but slot 15 is empty.
</nierror>
<nierror code="-65603">
The project contains a module in slot 14 but slot 14 is empty.
</nierror>
<nierror code="-65602">
The project contains a module in slot 13 but slot 13 is empty.
</nierror>
<nierror code="-65601">
The project contains a module in slot 12 but slot 12 is empty.
</nierror>
<nierror code="-65600">
The project contains a module in slot 11 but slot 11 is empty.
</nierror>
<nierror code="-65599">
The project contains a module in slot 10 but slot 10 is empty.
</nierror>
<nierror code="-65598">
The project contains a module in slot 9 but slot 9 is empty.
</nierror>
<nierror code="-65597">
The project contains a module in slot 8 but slot 8 is empty.
</nierror>
<nierror code="-65596">
The project contains a module in slot 7 but slot 7 is empty.
</nierror>
<nierror code="-65595">
The project contains a module in slot 6 but slot 6 is empty.
</nierror>
<nierror code="-65594">
The project contains a module in slot 5 but slot 5 is empty.
</nierror>
<nierror code="-65593">
The project contains a module in slot 4 but slot 4 is empty.
</nierror>
<nierror code="-65592">
The project contains a module in slot 3 but slot 3 is empty.
</nierror>
<nierror code="-65591">
The project contains a module in slot 2 but slot 2 is empty.
</nierror>
<nierror code="-65590">
The project contains a module in slot 1 but slot 1 is empty.
</nierror>
<nierror code="-65589">
The FPGA VI you are running does not contain the DMA FIFOs that the RIO Scan Interface requires. Ensure that the modules under the Chassis item in the project match the modules in the chassis, and recompile the FPGA VI.
</nierror>
<nierror code="-65587">
The bitfile required by the RIO Scan Interface is either missing or corrupt. Reinstall the software on the LabVIEW Real-Time target.
</nierror>
<nierror code="-65583">
A common-mode range error was detected.
</nierror>
<nierror code="-65582">
An open thermocouple was detected.
</nierror>
<nierror code="-65581">
The bitfile currently running on the CompactRIO chassis is not configured to support using the RIO Scan Interface in this slot. In the LabVIEW Project window, move the module in the slot from under the FPGA target item to under the chassis item, then recompile the bitfile.
</nierror>
<nierror code="-65580">
The FPGA personality running on the RIO target does not have enough specialty digital resources to support this module.
</nierror>
<nierror code="-65537">
The module that was detected is different than the module that was expected. Make sure the slot the module is configured for in software matches the physical location of the module.
</nierror>
<nierror code="-65536">
Unable to communicate with the module. Reinsert the module and check connections. If the chassis is in FPGA Interface programming mode, make sure you have opened an FPGA reference to a bitfile or FPGA VI with Scan Interface support for the module you are trying to access using the Scan Interface.
</nierror>
<nierror code="-65512">
The data transfer for some I/O variables on this target could not be completed in the allotted time and the updates for some values may have been delayed. Increase the Scan Period to avoid this problem.
</nierror>
<nierror code="-65511">
The RIO Scan Interface is attempting to read too many I/O points. Please move some modules from under the chassis item to under the FPGA Target item in the project, or delete some user-defined variables from your application.
</nierror>
<nierror code="-65501">
The user-defined I/O variable you are trying to access could not be found. Please make sure that you have opened an FPGA reference to an FPGA VI or bitfile that contains the variable you are trying to access.
</nierror>
<nierror code="-65500">
A file is being downloaded. Wait until download is complete.
</nierror>
<nierror code="-65499">
The input parameter is invalid.
</nierror>
<nierror code="-65498">
Unable to communicate with the module. Verify the module is powered on and properly plugged in.
</nierror>
<nierror code="-65497">
The last download process may have been interrupted. Download the program again.
</nierror>
<nierror code="-65496">
The module has timed out due to download process error. Download the program again.
</nierror>
<nierror code="-65495">
Please check module status. If the module is in User Program Download mode or Unprogrammed mode, download a User Program to the module. If the module is in Firmware Download mode, download the firmware to the module. If the module is in Fail-safe mode, please resolve the Fail-safe condition and restart the module. If unsuccessful, the operation is not allowed.
</nierror>
<nierror code="-65494">
The module is not in the correct mode. Please check module status. If the module is in User Program Download mode, download a User Program to the module. If the module is in Firmware Download mode, download the firmware to the module.
</nierror>
<nierror code="-65493">
The operation failed because of a CRC error. Check the module power supply and reinsert the module.
</nierror>
<nierror code="-65492">
The operation failed because of CRC error. Check the module power supply and reinsert the module.
</nierror>
<nierror code="-65491">
An internal software error with the module has occurred. Restart and reinsert the module. If unsuccessful, verify the compatibility of the software and the hardware.
</nierror>
<nierror code="-65490">
The operation was unsuccessful. Check the module power supply.
</nierror>
<nierror code="-65489">
An internal software error with the module has occurred. Contact National Instruments technical support at ni.com/support with following information: The C Series Functional Safety module has internal faults.
</nierror>
<nierror code="-65488">
The downloaded file is corrupted. Check the file and download again.
</nierror>
<nierror code="-65487">
The type of downloaded file is not correct. Check the file and download again.
</nierror>
<nierror code="-65486">
Firmware failed to update. Restart the module and update the firmware.
</nierror>
<nierror code="-65485">
The module was recovered because of a firmware update failure. Restart the module and update the firmware.
</nierror>
<nierror code="-65484">
The module is not in User Program Download mode. Download firmware or restart the module.
</nierror>
<nierror code="-65483">
The module is not in Firmware Download mode. Download a user program or restart the module.
</nierror>
<nierror code="-65482">
Firmware failed to update. Check the module power supply. Wait for the module to be recovered and update the firmware again.
</nierror>
<nierror code="-65408">
This deploy operation did not succeed because the model number of the module in the slot did match the project.
</nierror>
<nierror code="-65407">
You have requested more specialty digital slots than your bitfile supports. To enable more specialty digital slots, use LabVIEW FPGA Interface mode to compile and deploy a bitfile with the desired number of specialty digital slots. Refer to the LabVIEW Help for NI-RIO for more information about FPGA Interface mode and about compiling and deploying bitfiles.
</nierror>
<nierror code="-65000">
Not enough DMA channels are available for the requested number of FIFOs. Reduce the number of DMA channels used by other tasks or the number of FIFOs used in the FPGA VI.
</nierror>
<nierror code="65000">
Unable to mount drive.  The given device is either not present or not recognizable as a mountable device.
</nierror>
<nierror code="65001">
No partitions found.  The partition table on the device is corrupt or the device has zero partitions on it.
</nierror>
<nierror code="65002">
Invalid drive handle.  The given handle does not represent an active mounted drive.
</nierror>
<nierror code="65003">
Drive already mounted.  The given device is already mounted as a drive.
</nierror>
<nierror code="65005">
The C Series module at the specified location does not support TEDS or TEDS access is not enabled for the module.
</nierror>
<nierror code="65006">
Communication with the module timed out. The module is busy performing another action or LabVIEW is unable to communicate with the module.
</nierror>
<nierror code="65007">
No TEDS sensor was detected on the specified channel. Make sure that the C Series module and sensor are properly connected. Make sure the specified location matches the sensor location.
</nierror>
<nierror code="65008">
CompactRIO does not support the TEDS sensor connected to this channel.
</nierror>
<nierror code="65010">
You cannot mount or unmount an SD card on this operating system.
</nierror>
<nierror code="65011">
Data could not be read. Unable to determine TEDS standard template type. Verify sensor connections and that the sensor is a standard type. If the problem persists, read the entire sensor EEPROM by selecting Entire EEPROM on the Data to Read terminal of the Read TEDS Invoke Method.
</nierror>
<nierror code="65100">
You have entered a data rate that is not supported by the selected module and oversample clock frequency.
</nierror>
<nierror code="65200">
DIO Line Access Conflict
</nierror>
<nierror code="65201">
Duplicate Terminals In The Same Node.
</nierror>
<nierror code="65202">
Digital Resource Access Conflict
</nierror>
<nierror code="65203">
Module Timebase Configuration Error
</nierror>
<nierror code="65204">
Digital Resource Access Conflict
</nierror>
<nierror code="65205">
Invalid C Series Module Configuration
</nierror>
<nierror code="65206">
Invalid top-level clock
</nierror>
<nierror code="65207">
Digital Resource Access Conflict
</nierror>
<nierror code="65208">
Synchronizing C Series Modules in the Expansion Chassis
</nierror>
<nierror code="65209">
Cannot write to Sleep
</nierror>
<nierror code="65210">
Invalid Top-Level Clock
</nierror>
<nierror code="65211">
Reached Limit of User-Defined Variable Address Space
</nierror>
<nierror code="65212">
Missing Timing Constraints
</nierror>
<nierror code="65213">
Not Supported on R Series
</nierror>
<nierror code="65214">
The NI 9862 is not supported in this version of LabVIEW FPGA.
</nierror>
<nierror code="65215">
One or more nodes have been incorrectly placed inside of a Single Cycle Timed Loop.  Please ensure that only SCTL nodes are used inside of the Single Cycle Timed Loop.
</nierror>
<nierror code="65216">
One or more nodes have been incorrectly placed outside of a Single Cycle Timed Loop.  Please ensure that only non-SCTL nodes are used outside of the Single Cycle Timed Loop.
</nierror>
<nierror code="65217">
A particular node has been placed on the diagram more than once.
</nierror>
<nierror code="65218">
A module in your project contains invalid module support files.  Please contact the module vendor.
</nierror>
<nierror code="65219">
An internal error has occurred.  Please contact the module vendor.
</nierror>
<nierror code="65220">
An internal error has occurred.  Please contact the module vendor.
</nierror>
<nierror code="65221">
An internal error has occurred.  Please contact the module vendor.
</nierror>
<nierror code="65222">
An internal error has occurred.  Please contact the module vendor.
</nierror>
<nierror code="65223">
An internal error has occurred.  Please contact the module vendor.
</nierror>
<nierror code="65224">
DIO Line Access Conflict with Zero Synchronizing Registers
</nierror>
<nierror code="65225">
The NI 9802 is no longer supported on NI cRIO-9068 chassis using LabVIEW FPGA Xilinx Vivado Tools.
</nierror>
<nierror code="65300">
Unable to communicate with the device. Please power off the sbRIO system and ensure device connections are secure.
</nierror>
<nierror code="65301">
A DO update was attempted while the device was not ready to perform this operation. The DO update was delayed or gated.
</nierror>
<nierror code="65400">
The FPGA target is either running an FPGA VI or has loaded an FPGA VI.
</nierror>
<nierror code="65401">
One or more discovered C Series modules are not supported by the current versions of LabVIEW and NI-RIO. The unsupported modules are: %s.
</nierror>
<nierror code="65402">
An internal software error in NI-RIO has occurred. Please contact National Instruments technical support at ni.com/support.
</nierror>
<nierror code="65403">
An unexpected error occurred when Discovering C Series Modules.

Make sure the LabVIEW Project is set up properly.
</nierror>
<nierror code="65404">
The controller you selected has an unconfigured (0.0.0.0) IP address. If the controller is online, configure it in Measurement & Automation Explorer (MAX), then make sure the IP address in LabVIEW matches the IP address in MAX. If it is offline, you cannot discover connected targets and devices, but you can add new, offline targets and devices.
</nierror>
<nierror code="65405">
The module whose configuration you deployed is not present in the chassis.
</nierror>
<nierror code="65406">
The module whose configuration you deployed does not match the model currently in the chassis.
</nierror>
<nierror code="65407">
You have requested more specialty digital slots than your bitfile supports. To enable more specialty digital slots, use LabVIEW FPGA Interface mode to compile and deploy a bitfile with the desired number of specialty digital slots. Refer to the LabVIEW Help for NI-RIO for more information about FPGA Interface mode and about compiling and deploying bitfiles.
</nierror>
<nierror code="65409">
The module is not compatible with this version of NI-RIO.  Please contact the module's vendor for support.
</nierror>
<nierror code="65536">
Unable to communicate with the module. Reinsert the module and check connections.
</nierror>
<nierror code="65537">
The module that was detected is different than the module that was expected. Make sure the slot the module is configured for in software matches the physical location of the module.
</nierror>
<nierror code="65538">
The operation failed to complete in time. Make sure the module is not busy and the system is configured properly.
</nierror>
<nierror code="65539">
The input function missed one or more data points. Make sure the loop can execute as fast as the module data rate.
</nierror>
<nierror code="65540">
The I/O Resource is not in communication mode. You must start communication mode before you can perform this operation.
</nierror>
<nierror code="65541">
The I/O Resource is in communication mode. You must stop communication mode before you can perform this operation.
</nierror>
<nierror code="65542">
One or more channels have detected an open current loop. Check the module connections.
</nierror>
<nierror code="65543">
The power supply voltage level is out of range. Check the supply voltage and the module connections.
</nierror>
<nierror code="65544">
One or more channels are in overcurrent protection mode. The device connected to the channel is passing more current than is allowed through the channel. Check for possible shorts or external device failure.
</nierror>
<nierror code="65545">
An input parameter, or combination of parameters, is invalid.
</nierror>
<nierror code="65546">
Your application uses a feature that is not supported by your C Series hardware.
</nierror>
<nierror code="65547">
Too many CAN bus error frames are detected. Please refer to the description of the 'Error Terminals' for more information.
</nierror>
<nierror code="65548">
One or more channels are in overcurrent or overvoltage protection mode. Check the terminals for any fault condition that could be causing an out-of-range voltage or current on the channels.
</nierror>
<nierror code="65549">
A general or undefined error has occurred. Verify that the card is inserted properly and that the door is closed. If the error occurs again, run CHKDSK on the card.
</nierror>
<nierror code="65550">
A problem was found in the file system. Remove the SD card and run CHKDSK.
</nierror>
<nierror code="65551">
The SD card is in use by RT. Try again after RT unmounts the card.
</nierror>
<nierror code="65552">
The SD card is not ready. Verify that the card is inserted properly and that the door is closed.
</nierror>
<nierror code="65553">
You cannot open the SD card door and access the card at the same time.
</nierror>
<nierror code="65554">
The specified file does not exist on the card.
</nierror>
<nierror code="65555">
The Open method tried to open a new file for writing, but a file with the same name already exists on the disk.
</nierror>
<nierror code="65556">
A Read or Write method tried to access a file that was not opened in the required mode.
</nierror>
<nierror code="65557">
Reserved.
</nierror>
<nierror code="65558">
A Close method tried to close a file that was not open.
</nierror>
<nierror code="65559">
A method tried to open a file on the SD card when a file was already open.  This device supports only one file open at a time.  This error is also returned when an illegal attempt to call the Delete File or Get File Size method is made when a file is open on the card.
</nierror>
<nierror code="65560">
An attempt to allocate storage failed because the file system is full.
</nierror>
<nierror code="65561">
Attempted to exceed the limit of 512 root directory entries.
</nierror>
<nierror code="65562">
A Read method tried to read beyond the end of a file. This may have occurred when the method read the end of a file using a U16 or U32 data type when the actual number of bytes in the file (as reported by the directory) was not an integer multiple of the number of bytes in the read data type.
</nierror>
<nierror code="65563">
A problem was found with the format of the SD card. Verify that the SD card is formatted with a valid FAT16 file system.
</nierror>
<nierror code="65564">
A method tried to open a read-only file for writing. Reserved.
</nierror>
<nierror code="65565">
SD Cmd CRC Error. Reserved
</nierror>
<nierror code="65566">
SD Read Data CRC Error. Reserved
</nierror>
<nierror code="65567">
SD Write Data CRC Error. Reserved
</nierror>
<nierror code="65568">
SD Read Data Timeout. Reserved
</nierror>
<nierror code="65569">
SD Response Timeout. Reserved
</nierror>
<nierror code="65570">
Serial module external power error: An external power error has occurred since the last time the module was accessed. Ensure that power (8 - 28 VDC) is correctly applied to the VSUP and COM terminals on the front panel of the module.
</nierror>
<nierror code="65571">
Serial module over-temperature error: An over-temperature error has occurred since the last time the module was accessed.  Check for fault conditions or extraneous voltages on the I/O port.
</nierror>
<nierror code="65572">
Serial module break error: A serial break has occurred (the RXD input was held at SPACE for at least one byte time frame).
</nierror>
<nierror code="65573">
Serial module framing error: A framing error has occurred in the data being read. Check the serial cable connections and module configuration options such as Baud Rate, Stop Bits, and Data Bits.
</nierror>
<nierror code="65574">
Serial module parity error: A parity error has occurred in the data being read. Ensure that the module Parity is configured correctly.
</nierror>
<nierror code="65575">
Serial module overrun error: An overrun error has occurred in the data being read. Ensure that the module Flow Control is configured correctly.
</nierror>
<nierror code="65576">
Unused Serial Module Error
</nierror>
<nierror code="65577">
An open thermocouple was detected on at least one channel.  Check the module connections.
</nierror>
<nierror code="65578">
The common-mode voltage is outside of acceptable limits on at least one channel.  Check the terminals for any fault condition that could be causing an out-of-range voltage on the channels.
</nierror>
<nierror code="65579">
The module is in overcurrent protection mode. Check the terminals for any fault condition that could be causing an out-of-range current.
</nierror>
<nierror code="65580">
The bitfile does not support this 9802 command.  Try compiling a new bitfile with a more recent version of LabVIEW FPGA.
</nierror>
<nierror code="65581">
There is no 9802 support compiled into this bitfile.
</nierror>
<nierror code="65582">
The operation did not complete because one or more modules in the I/O Node is not ready for data operations. This may be because the operation has not started.  Use the Start and Stop nodes to reset module's operation.
</nierror>
<nierror code="65583">
The module failed to complete the operation. Reinsert the module and check connections. If the problem persists, contact National Instruments technical support.
</nierror>
<nierror code="65584">
The device cannot be powered down because it is actively connected to a host.
</nierror>
<nierror code="65585">
Open thermocouple detection is currently disabled. The Check Cached Status method cannot accurately report whether or not there are disconnected thermocouples.
</nierror>
<nierror code="65586">
The operation did not complete because a user-controlled I/O sampling reset is in progress.
</nierror>
<nierror code="65588">
The module is not yet initialized.  If you are using the User-Controlled I/O Sampling functions, you must first call the Reset I/O Method function and wait for it to complete before calling any other User-Controlled I/O Sampling functions.
</nierror>
<nierror code="65635">
The input parameter for the Number of Fixes for Self-survey property is out of range.  Refer to the module documentation for the valid range.
</nierror>
<nierror code="65636">
One or more channels are out of range.  Check the module connections.
</nierror>
<nierror code="65637">
One or more channels have an open loop or a short circuit. Check the module connections.
</nierror>
<nierror code="65638">
The value for the PPS Compensation property is out of range.  Refer to the module documentation for the valid range.
</nierror>
<nierror code="65639">
At least one of the coordinates provided is out of range.  Latitude must be in the following range, -90° <= Latitude <= 90°.  Longitude must be in the following range, -180° < Longitude <= 180°. Refer to the module help documentation for the appropriate altitude range.
</nierror>
<nierror code="65640">
The firmware on the module is not compatible with this version of the NI RIO software.  Please visit ni.com for instructions on how to update the firmware.
</nierror>
<nierror code="65641">
The selected configuration for the GPS C Series module is invalid. When 'Stationary with Preset Location' is selected as the GPS Mode, the Preset Location must be set.
</nierror>
<nierror code="65642">
The trigger could not be sent. Make sure that None (Input) is not selected as the line source of the trigger and that it is not configured to carry a clock or another module's trigger.
</nierror>
<nierror code="65643">
The Wait On Trigger method cannot execute on a trigger line configured to carry a clock. Select another trigger line or change the clock routing configuration in the C Series Module Properties dialog box.
</nierror>
<nierror code="65644">
Port line direction change failed because the maximum number of port lines are configured for output on the module. Refer to the module help documentation for the maximum number of simultaneous port line outputs.
</nierror>
<nierror code="65645">
The specified line does not support the selected source. Refer to the module help documentation for a list of valid sources for each line.
</nierror>
<nierror code="65646">
The specified line is not configured to import a clock or it is already configured as the source of another line.
</nierror>
<nierror code="65647">
The configuration of the specified line cannot be changed because it is configured to carry a clock or a trigger.
</nierror>
<nierror code="65648">
The specified line does not support the selected source because the source is configured to carry a clock. To export the clock carried on the selected source, set the source of the specified line to be the clock.
</nierror>
<nierror code="65649">
The module did not export the generated trigger because this trigger line is not configured as the source for any of the port lines.
</nierror>
<nierror code="65650">
The operation failed to complete in time because the imported oversample clock was not ready. Make sure the system is configured properly.
</nierror>
<nierror code="65651">
The source of the specified trigger cannot be set to clock since it is not configured to export the clock. Change the clock routing configuration in the C Series Module Properties dialog box in order to output the clock from the specified trigger.
</nierror>
<nierror code="65652">
A DO update was attempted while the module was not ready to perform this operation. The DO update was delayed or gated.
</nierror>
<nierror code="65653">
The operation did not complete because a module reset is in progress.
</nierror>
<nierror code="65654">
One or more channels has an open loop or an excitation fault. Check the module connections.
</nierror>
<nierror code="65655">
One or more channels have missed an output sample.  Use the Stop and Start nodes to reset module's operation.
</nierror>
<nierror code="65656">
The signal attenuation level is invalid.  Consult the module documentation for the valid range of attenuation values.
</nierror>
<nierror code="65657">
The RF center frequency is invalid.  Consult the module documentation for the valid range of center frequency values.
</nierror>
<nierror code="65658">
The LO In frequency is invalid.  Consult the module documentation for the valid range of LO In frequency values.
</nierror>
<nierror code="65659">
The specified combination of RF center frequency and LO In frequency values is invalid.  Consult the module documentation for information about how to configure these parameters.
</nierror>
<nierror code="65660">
The LO Out signal cannot be disabled while the module is in its currently configured state.  Consult the module documentation for information about how to configure the LO Out signal.
</nierror>
<nierror code="65661">
An overflow was detected in the IQ data.  Reduce the input power level or configure the reference level to a higher value.
</nierror>
<nierror code="65662">
The sample clock PLL is not locked, which can cause samples to be incorrectly synchronized across modules.  Refer to the module documentation for more information on what can cause the sample clock to be incorrectly locked.
</nierror>
<nierror code="65663">
The LO PLL is not locked, which can cause samples to be incorrectly synchronized across modules.  Refer to the module documentation for more information on what can cause the LO to be incorrectly locked.
</nierror>
<nierror code="65664">
Module cannot run the Start node while it is in data operation mode.  Run Stop node before running Start node.
</nierror>
<nierror code="65665">
The acquisition cannot be started because the selected data rate is not valid. Select a data rate that is allowed based on the timing mode and number of channels enabled.
</nierror>
<nierror code="65666">
The acquisition cannot be started because the record pretrigger samples is longer than the record samples. Select a record pretrigger samples that is shorter than the record samples.
</nierror>
<nierror code="65667">
The I/O node cannot acquire data after fetching data from the record or using hardware triggers. Restart the acquisition to access continuous data.
</nierror>
<nierror code="65668">
No data is available for fetching. Trigger a record before fetching samples.
</nierror>
<nierror code="65669">
No more records can be triggered. Fetch all sample records before triggering a new record.
</nierror>
<nierror code="65670">
The sample clock PLL was lost while acquiring the record. Refer to the module documentation for more information on what can cause the sample clock to be incorrectly locked.
</nierror>
<nierror code="65671">
Triggering not supported on the selected channel. Enable the selected channel through the configuration subpanel.
</nierror>
<nierror code="65672">
The specified timebase frequency cannot be selected. Verify that all the modules importing this timebase support the specified frequency.
</nierror>
<nierror code="65673">
The slot is not configured to the correct program mode. Ensure the slot is configured to run in LabVIEW FPGA.
</nierror>
<nierror code="65674">
Could not read User Program file. Either the version of Functional Safety Editor that you are using is newer than the current version of NI-RIO or the file is corrupt. Verify that you have the latest version of NI-RIO installed.
</nierror>
<nierror code="65675">
An internal error occurred when communicating with the onboard I/O channels. Please contact National Instruments.
</nierror>
<nierror code="65676">
The output function is not able to update the data points as fast as expected. Old data points are repeated. Make sure the loop can execute as fast as the module data rate.
</nierror>
<nierror code="65677">
The PWM and/or Dither divisor value is out of the supported range. Please refer to the help file for the supported divisor values.
</nierror>
<nierror code="65678">
With the present configuration, the channel PWM rate is greater than the maximum allowed rate. Increase the channel PWM Divisor before increasing the Data Rate.
</nierror>
<nierror code="65679">
Unable to communicate with the module. Reinsert the module and check the connections.
</nierror>
<nierror code="65680">
Module not Present. Ensure that the module is connected to the correct slot.
</nierror>
<nierror code="65681">
Attempted to run the operation while the task was not running. You must start the task before you can perform this operation.
</nierror>
<nierror code="65682">
Attempted to run the operation while the task was running. You must stop the task before you can perform this operation.
</nierror>
<nierror code="65683">
Requested operation could not be performed because the specified resource was reserved by another task. Stop the running task before attempting to start this operation.
</nierror>
<nierror code="65684">
This operation affects more channels than the ones specified. Refer to the hardware manual on ni.com/manuals for more information.
</nierror>
<nierror code="65685">
The output function is updating the data points at a faster rate than the actual update rate of the module. Sample points are being dropped. Make sure your diagram does not have multiple parallel output write nodes to the same channel.
</nierror>
<nierror code="65700">
Unable to communicate with the module. Reinsert the module and check connections.
</nierror>
<nierror code="65701">
The module that was detected is different than the module that was expected. Make sure the slot the module is configured for in software matches the physical location of the module.
</nierror>
<nierror code="65702">
The FPGA personality currently running on the CompactRIO chassis does not support the RIO Scan Interface in this slot.
</nierror>
<nierror code="65703">
Remote module access is not supported
</nierror>
<nierror code="65704">
Could not resolve RSI module URL
</nierror>
<nierror code="65705">
This RSI module does not accept configuration for this channel
</nierror>
<nierror code="65706">
The value for 9205 minimum time between conversion must be at least 4 us
</nierror>
<nierror code="65707">
The value for 9219 digital threshold must be between 0 and 60
</nierror>
<nierror code="65708">
Invalid direction string
</nierror>
<nierror code="65709">
Current limit values must be between 0 and 5.1
</nierror>
<nierror code="65710">
The value for overcurrent refresh period must be between 2 and 255.
</nierror>
<nierror code="65711">
It is invalid to change the mode of a 9219 channel programmatically.
</nierror>
<nierror code="65712">
Digital input modules cannot be configured to be a PWM or a counter slave.
</nierror>
<nierror code="65713">
Digital output modules cannot be configured to be a counter or a quadrature.
</nierror>
<nierror code="65714">
RTD A constant must be between 0.001 and 0.01
</nierror>
<nierror code="65715">
RTD B constant must be between -1E-8 and -1E-6.
</nierror>
<nierror code="65716">
RTD C constant must be between -1E-12 and -1E-11
</nierror>
<nierror code="65717">
RTD Ro constant must be between 0 and 1000
</nierror>
<nierror code="65718">
Invalid Input Configuration change
</nierror>
<nierror code="65719">
The enum value is out of range
</nierror>
<nierror code="65720">
This property is not valid for this module, or is not valid for the current configuration of this module.
</nierror>
<nierror code="65721">
You can use the Reset Counter method only to reset a counter configured to count edges.
</nierror>
<nierror code="65722">
This method is not valid for this module, or is not valid for the current configuration of this module.
</nierror>
<nierror code="65723">
This module cannot be configured while the controller engine is in its current mode.
</nierror>
<nierror code="65724">
Specialty digital configuration is not supported for EtherCAT modules.
</nierror>
<nierror code="65725">
The value used is out of range.
</nierror>
<nierror code="65726">
Configuration information for this Property was not found.  The Property might need to be set before it can be read.
</nierror>
<nierror code="65727">
Invalid slot number
</nierror>
<nierror code="65728">
This version of the EtherCAT software does not support this operation.
</nierror>
<nierror code="65729">
This information is currently not available.  Change to active mode or refresh modules.
</nierror>
<nierror code="65730">
An expected file is four bytes aligned. Check the size of your file.
</nierror>
<nierror code="65731">
A file is downloading. Reading IOV will return stale data. Writing IOV may be unsuccessful.
</nierror>
<nierror code="65732">
Please check module status. If the module is in User Program Download mode or Unprogrammed mode, download a User Program to the module. If the module is in Firmware Download mode, download the firmware to the module. If the module is in Fail-safe mode, please resolve the Fail-safe condition and restart the module.
</nierror>
<nierror code="65733">
The IOV data cannot be updated correctly. Check the module power supply.
</nierror>
<nierror code="65734">
Using both scan write and direct write on the same channel can lead to a race condition.
</nierror>
<nierror code="65735">
Restart the module after the firmware updates.
</nierror>
<nierror code="65736">
The module firmware may be not compatible with the current CompactRIO driver. Update the CompactRIO driver to latest version.
</nierror>
<nierror code="65737">
The module is in Unprogrammed mode. Reading and writing DO will be unsuccessful. Please download a User Program to the module.
</nierror>
<nierror code="65738">
The input value is out of range. Please make sure the input value is between 0 and 0.0219116
</nierror>
</nidocument>
