<?xml version="1.0"?>
<nidocument>
<nicomment>
<nifamily displayname="CompactRIO MDK" familyname="CompactRIO MDK">
</nifamily>
</nicomment>
<nierror code="-358619">
第三方C系列模块错误代码。更多信息见相关模块文档。
</nierror>
<nierror code="-358618">
第三方C系列模块错误代码。更多信息见相关模块文档。
</nierror>
<nierror code="-358617">
第三方C系列模块错误代码。更多信息见相关模块文档。
</nierror>
<nierror code="-358616">
第三方C系列模块错误代码。更多信息见相关模块文档。
</nierror>
<nierror code="-358615">
第三方C系列模块错误代码。更多信息见相关模块文档。
</nierror>
<nierror code="-358614">
第三方C系列模块错误代码。更多信息见相关模块文档。
</nierror>
<nierror code="-358613">
第三方C系列模块错误代码。更多信息见相关模块文档。
</nierror>
<nierror code="-358612">
第三方C系列模块错误代码。更多信息见相关模块文档。
</nierror>
<nierror code="-358611">
第三方C系列模块错误代码。更多信息见相关模块文档。
</nierror>
<nierror code="-358610">
第三方C系列模块错误代码。更多信息见相关模块文档。
</nierror>
<nierror code="-358609">
第三方C系列模块错误代码。更多信息见相关模块文档。
</nierror>
<nierror code="-358608">
第三方C系列模块错误代码。更多信息见相关模块文档。
</nierror>
<nierror code="-358607">
第三方C系列模块错误代码。更多信息见相关模块文档。
</nierror>
<nierror code="-358606">
第三方C系列模块错误代码。更多信息见相关模块文档。
</nierror>
<nierror code="-358605">
第三方C系列模块错误代码。更多信息见相关模块文档。
</nierror>
<nierror code="-358604">
第三方C系列模块错误代码。更多信息见相关模块文档。
</nierror>
<nierror code="-358603">
第三方C系列模块错误代码。更多信息见相关模块文档。
</nierror>
<nierror code="-358602">
第三方C系列模块错误代码。更多信息见相关模块文档。
</nierror>
<nierror code="-358601">
第三方C系列模块错误代码。更多信息见相关模块文档。
</nierror>
<nierror code="-358600">
第三方C系列模块错误代码。更多信息见相关模块文档。
</nierror>
<nierror code="358600">
第三方C系列模块错误代码。更多信息见相关模块文档。
</nierror>
<nierror code="358601">
第三方C系列模块错误代码。更多信息见相关模块文档。
</nierror>
<nierror code="358602">
第三方C系列模块错误代码。更多信息见相关模块文档。
</nierror>
<nierror code="358603">
第三方C系列模块错误代码。更多信息见相关模块文档。
</nierror>
<nierror code="358604">
第三方C系列模块错误代码。更多信息见相关模块文档。
</nierror>
<nierror code="358605">
第三方C系列模块错误代码。更多信息见相关模块文档。
</nierror>
<nierror code="358606">
第三方C系列模块错误代码。更多信息见相关模块文档。
</nierror>
<nierror code="358607">
第三方C系列模块错误代码。更多信息见相关模块文档。
</nierror>
<nierror code="358608">
第三方C系列模块错误代码。更多信息见相关模块文档。
</nierror>
<nierror code="358609">
第三方C系列模块错误代码。更多信息见相关模块文档。
</nierror>
<nierror code="358610">
第三方C系列模块错误代码。更多信息见相关模块文档。
</nierror>
<nierror code="358611">
第三方C系列模块错误代码。更多信息见相关模块文档。
</nierror>
<nierror code="358612">
第三方C系列模块错误代码。更多信息见相关模块文档。
</nierror>
<nierror code="358613">
第三方C系列模块错误代码。更多信息见相关模块文档。
</nierror>
<nierror code="358614">
第三方C系列模块错误代码。更多信息见相关模块文档。
</nierror>
<nierror code="358615">
第三方C系列模块错误代码。更多信息见相关模块文档。
</nierror>
<nierror code="358616">
第三方C系列模块错误代码。更多信息见相关模块文档。
</nierror>
<nierror code="358617">
第三方C系列模块错误代码。更多信息见相关模块文档。
</nierror>
<nierror code="358618">
第三方C系列模块错误代码。更多信息见相关模块文档。
</nierror>
<nierror code="358619">
第三方C系列模块错误代码。更多信息见相关模块文档。
</nierror>
</nidocument>
