<?xml version="1.0"?>
<nidocument>
<nicomment>
<nifamily displayname="LabVIEW FPGA" familyname="LabVIEW FPGA">
</nifamily>
</nicomment>
<nierror code="-61515">
LabVIEW FPGA: IP导出中的顶层VI不允许使用局部变量。
</nierror>
<nierror code="-61514">
LabVIEW FPGA: IP导出中不允许使用此函数或VI。
</nierror>
<nierror code="-61513">
LabVIEW FPGA: IP导出中不允许使用此节点。
</nierror>
<nierror code="-61512">
LabVIEW FPGA: 目标目录路径中不能包含括号。
</nierror>
<nierror code="-61511">
LabVIEW FPGA: 不支持的文件类型。
</nierror>
<nierror code="-61510">
LabVIEW FPGA: 不支持通过不同的时钟域访问分布式RAM。
</nierror>
<nierror code="-61509">
LabVIEW FPGA: 当前终端不支持每次读写的元素数量。
</nierror>
<nierror code="-61508">
LabVIEW FPGA: 单周期定时循环内不支持该节点。
</nierror>
<nierror code="-61507">
LabVIEW FPGA: 当前终端不支持点对点FIFO。
</nierror>
<nierror code="-61506">
LabVIEW FPGA: 配置为以仿真模式运行的FPGA VI包含了相同名称的输入控件和显示控件。读/写函数无法对相同名称的输入控件或显示控件进行读取或写入操作。重命名输入控件或显示控件。
</nierror>
<nierror code="-61505">
LabVIEW FPGA: 不支持的.xci文件。
</nierror>
<nierror code="-61504">
LabVIEW FPGA: 不支持的FIFO方法。
</nierror>
<nierror code="-61503">
LabVIEW FPGA: 缺失所需的Xilinx编译工具。
</nierror>
<nierror code="-61502">
LabVIEW FPGA: 文件格式不匹配。
</nierror>
<nierror code="-61501">
LabVIEW FPGA: 内部软件错误。
</nierror>
<nierror code="-61500">
LabVIEW FPGA: 发生内部软件错误。  请通过ni.com/support联系NI技术支持并提供以下信息：

LabVIEW无法读取CLIP XML文件。
</nierror>
<nierror code="-61499">
LabVIEW FPGA: LabVIEW FPGA发生内部软件错误。  请通过ni.com/support联系National Instruments以获取技术支持。
</nierror>
<nierror code="-61498">
LabVIEW FPGA: LabVIEW FPGA发生内部软件错误。  请通过ni.com/support联系NI技术支持并提供以下信息：

资源文件中未发现所需标识符。
</nierror>
<nierror code="-61497">
LabVIEW FPGA: LabVIEW FPGA发生内部软件错误。  请通过ni.com/support联系NI技术支持并提供以下信息：

不支持请求的寄存器偏移量。
</nierror>
<nierror code="-61496">
LabVIEW FPGA: LabVIEW FPGA发生内部软件错误。  请通过ni.com/support联系NI技术支持并提供以下信息：

到达未预期分支。
</nierror>
<nierror code="-61495">
LabVIEW FPGA: LabVIEW FPGA发生内部软件错误。  请通过ni.com/support联系NI技术支持并提供以下信息：

路径标识符指定的值不是路径。
</nierror>
<nierror code="-61494">
LabVIEW FPGA: LabVIEW FPGA发生内部软件错误。  请通过ni.com/support联系NI技术支持并提供以下信息：

“IP生成器”VI不匹配所需接口。
</nierror>
<nierror code="-61493">
LabVIEW FPGA: LabVIEW FPGA发生内部软件错误。  请通过ni.com/support联系NI技术支持并提供以下信息：

未找到指定的“IP生成器”VI。
</nierror>
<nierror code="-61492">
LabVIEW FPGA: LabVIEW FPGA发生内部软件错误。  请通过ni.com/support联系NI技术支持并提供以下信息：

访问FPGA提供程序时出错。
</nierror>
<nierror code="-61491">
LabVIEW FPGA: LabVIEW FPGA发生内部软件错误。  请通过ni.com/support联系NI技术支持并提供以下信息：

IP生成器缺少所需VI路径标识符。
</nierror>
<nierror code="-61490">
LabVIEW FPGA: 发生内部错误。
</nierror>
<nierror code="-61489">
LabVIEW FPGA: 内部软件错误。
</nierror>
<nierror code="-61488">
LabVIEW FPGA: LabVIEW FPGA模块发生内部软件错误。  请访问ni.com/support以获取NI技术支持，并提供如下信息：

缺少一个必需XML标记。
</nierror>
<nierror code="-61487">
LabVIEW FPGA: 该通道控件在顶层VI中。
</nierror>
<nierror code="-61475">
LabVIEW FPGA: XML标签"DramAddressBitAlignment"从目标资源的XML文件中丢失。详细信息请参考LabVIEW_FPGA_PlugInManual.doc。
</nierror>
<nierror code="-61474">
LabVIEW FPGA: “FFT点数”必须大于或等于每个输入端采样的数量。
</nierror>
<nierror code="-61473">
LabVIEW FPGA: “虚部数据”输入数组大小与“实部数据”输入大小不同。上述输入端的数组大小必须一致。
</nierror>
<nierror code="-61472">
LabVIEW FPGA: 输入数组大小必须为2、4、8或16。
</nierror>
<nierror code="-61471">
LabVIEW FPGA: 必须重新加载IO模块声明文件。
</nierror>
<nierror code="-61470">
LabVIEW FPGA: 必须重新加载DRAM声明文件。
</nierror>
<nierror code="-61469">
LabVIEW FPGA: 串流或有损串流通道线写入方的大小无效。
</nierror>
<nierror code="-61468">
LabVIEW FPGA: 非重入VI的通道线接线端被连接至多个通道。
</nierror>
<nierror code="-61467">
LabVIEW FPGA: 串流或有损串流写入方端点连线出错。
</nierror>
<nierror code="-61466">
LabVIEW FPGA: LabVIEW运行Vivado Design Suite脚本时发生错误。
</nierror>
<nierror code="-61465">
LabVIEW FPGA: LabVIEW删除文件失败。
</nierror>
<nierror code="-61464">
LabVIEW FPGA: LabVIEW删除文件失败。
</nierror>
<nierror code="-61463">
LabVIEW FPGA: LabVIEW导出Vivado Design Suite项目失败。
</nierror>
<nierror code="-61462">
LabVIEW FPGA: 由于脉冲宽度冲突，设计不能满足定时要求。
</nierror>
<nierror code="-61461">
LabVIEW FPGA: 当前LabVIEW版本不支持所需的FPGA编译工具。
</nierror>
<nierror code="-61460">
LabVIEW FPGA: 仅当VI运行模式设置为仿真（仿真I/O）且FPGA VI引用配置为动态模式时，输入控件名称和显示控件名称支持换行符。
</nierror>
<nierror code="-61459">
LabVIEW FPGA: 所选终端需要64位Xilinx工具，但系统为32位操作系统。
</nierror>
<nierror code="-61458">
LabVIEW FPGA: 终端不支持配置用于变量和固定大小数组的接线端。
</nierror>
<nierror code="-61457">
LabVIEW FPGA: 编译状态文件丢失或损坏。
</nierror>
<nierror code="-61456">
LabVIEW FPGA: FPGA设计不能满足时序要求，且定时源错误不能被自动定位。
</nierror>
<nierror code="-61455">
LabVIEW FPGA: 部分编译步骤未被执行。
</nierror>
<nierror code="-61454">
LabVIEW FPGA: 部分信号在该设计中未被正确约束。
</nierror>
<nierror code="-61453">
LabVIEW FPGA: 编译中未使用该约束文件。
</nierror>
<nierror code="-61452">
LabVIEW FPGA: 由于资源重复映射，编译失败。
</nierror>
<nierror code="-61451">
LabVIEW FPGA: 由于定时冲突，编译失败。
</nierror>
<nierror code="-61450">
LabVIEW FPGA: 由于Xilinx错误，编译失败。
</nierror>
<nierror code="-61449">
LabVIEW FPGA: FPGA VI完成执行。
</nierror>
<nierror code="-61448">
LabVIEW FPGA: 仿真未处于运行状态。
</nierror>
<nierror code="-61447">
LabVIEW FPGA: LabVIEW无法找到该VI。
</nierror>
<nierror code="-61446">
LabVIEW FPGA: 桌面执行节点的执行模式无效。
</nierror>
<nierror code="-61445">
LabVIEW FPGA: 握手位于单周期定时循环外部。
</nierror>
<nierror code="-61444">
LabVIEW FPGA: 桌面执行节点配置出错。
</nierror>
<nierror code="-61443">
LabVIEW FPGA: 仿真超过了最大仿真时间。
</nierror>
<nierror code="-61442">
LabVIEW FPGA: FPGA桌面执行节点无法运行配置的VI。
</nierror>
<nierror code="-61441">
LabVIEW FPGA: 终端的另一个FPGA VI已在开发计算机上执行。运行该VI之前，必须停止其它VI。
</nierror>
<nierror code="-61417">
LabVIEW FPGA: 该方法不支持具有UltraRAM实现的FIFO。
</nierror>
<nierror code="-61416">
LabVIEW FPGA: 当前终端不支持具有UltraRAM实现的FIFO。
</nierror>
<nierror code="-61415">
LabVIEW FPGA: 该方法不支持具有内置控制逻辑的FIFO。
</nierror>
<nierror code="-61414">
LabVIEW FPGA: 不支持输入控件或显示控件的数据类型。
</nierror>
<nierror code="-61413">
LabVIEW FPGA: 使用握手接口的FIFO位于单周期定时循环外部。
</nierror>
<nierror code="-61412">
LabVIEW FPGA: 输入就绪接线端后缺少反馈节点。
</nierror>
<nierror code="-61411">
LabVIEW FPGA: FIFO调用方法使用不兼容的接口。
</nierror>
<nierror code="-61410">
LabVIEW FPGA: 终端不支持该FIFO的握手接口。
</nierror>
<nierror code="-61408">
LabVIEW FPGA: 不支持反馈节点初始化。
</nierror>
<nierror code="-61406">
LabVIEW FPGA: 带Socket的CLIP的逻辑为避免运行FPGA VI。
</nierror>
<nierror code="-61405">
LabVIEW FPGA: 该FPGA终端无指定的物理终端，操作失败。

右键单击项目浏览器窗口中的FPGA终端，选择“属性”，在“资源”文本框中输入FPGA终端资源名称。
</nierror>
<nierror code="-61404">
LabVIEW FPGA: LabVIEW出现特定终端的错误或警告。
</nierror>
<nierror code="-61403">
LabVIEW FPGA: 由于所需文件丢失或不可访问，LabVIEW不能与当前终端交互。检查是否已正确安装FPGA终端指定的驱动程序软件。
</nierror>
<nierror code="-61402">
LabVIEW FPGA: LabVIEW与设备的通信中断。

终端的资源已断开或删除。

对于远程终端，该远程系统可能已关闭或存在网络问题。
</nierror>
<nierror code="-61400">
LabVIEW FPGA: 由于项目和/或VI中指定的硬件类型与实际连接的硬件类型不匹配，该操作失败。
</nierror>
<nierror code="-61399">
LabVIEW FPGA: 所给用于FPGA I/O的自定义VI中的项和节点不支持在开发的计算机中执行FPGA VI。
</nierror>
<nierror code="-61398">
LabVIEW FPGA: FPGA VI仿真出错，因为FPGA I/O仿真指定的自定义VI路径丢失或不正确，或FPGA I/O仿真的自定义VI使用不正确的连线板。检查终端设置的仿真页中的自定义VI路径，或检查VI与所需接口是否匹配。
</nierror>
<nierror code="-61397">
LabVIEW FPGA: FPGA I/O的自定义VI不符合该FPGA VI的调用要求，开发计算机上的FPGA VI执行失败。
</nierror>
<nierror code="-61396">
LabVIEW FPGA: FPGA I/O的自定义VI调用的VI或函数返回错误，开发计算机上的FPGA VI执行失败。
</nierror>
<nierror code="-61395">
LabVIEW FPGA: FPGA I/O的自定义VI不可运行，开发计算机上的FPGA VI执行失败。
</nierror>
<nierror code="-61394">
LabVIEW FPGA: 仅当执行阶段为“运行”时才可支持该VI。
</nierror>
<nierror code="-61355">
LabVIEW FPGA: 发生内部软件错误。DFIR引用句柄未找到。
</nierror>
<nierror code="-61354">
LabVIEW FPGA: 内部软件错误：连接节点不属于常量。
</nierror>
<nierror code="-61353">
LabVIEW FPGA: 内部软件错误：不支持输出接线端。
</nierror>
<nierror code="-61352">
LabVIEW FPGA: 内部软件错误：无法连接接线端。
</nierror>
<nierror code="-61351">
LabVIEW FPGA: 内部软件错误：未连接接线端。
</nierror>
<nierror code="-61350">
LabVIEW FPGA: 内部软件错误：接线端索引超出范围。
</nierror>
<nierror code="-61347">
LabVIEW FPGA: 用户已达到该编译云账号的最大同步编译的数量。
</nierror>
<nierror code="-61346">
LabVIEW FPGA: FPGA Compile Farm Server不支持当前版本的FPGA模块。使用FPGA Compile Farm Server支持的FPGA模块版本，或切换到另一个服务器。关于该版本FPGA Compile Farm Server支持的FPGA模块版本，请参考FPGA模块自述文件。
</nierror>
<nierror code="-61345">
LabVIEW FPGA: 未解析的LabVIEW类。
</nierror>
<nierror code="-61344">
LabVIEW FPGA: 数组中包含大小不同的数组。
</nierror>
<nierror code="-61343">
LabVIEW FPGA: 未解析的LabVIEW类。
</nierror>
<nierror code="-61342">
LabVIEW FPGA: 编译场服务器返回不可预期的软件错误。
</nierror>
<nierror code="-61341">
LabVIEW FPGA: 数组中包含大小不同的数组。
</nierror>
<nierror code="-61340">
LabVIEW FPGA: 系统内存溢出，编译失败。
</nierror>
<nierror code="-61339">
LabVIEW FPGA: 顶层VI包含可变大小的数组输入或显示控件。
</nierror>
<nierror code="-61338">
LabVIEW FPGA: 无法确定数组大小。
</nierror>
<nierror code="-61337">
LabVIEW FPGA: 无法确定数组大小。
</nierror>
<nierror code="-61336">
LabVIEW FPGA: While循环包含自动索引的输出隧道。
</nierror>
<nierror code="-61335">
LabVIEW FPGA: 无法确定数组大小。
</nierror>
<nierror code="-61334">
LabVIEW FPGA: 无法确定数组大小。
</nierror>
<nierror code="-61333">
LabVIEW FPGA: 无法确定数组大小。
</nierror>
<nierror code="-61332">
LabVIEW FPGA: 编译工具发生不可预期错误。尝试重新编译该FPGA VI可能可解决该问题。
</nierror>
<nierror code="-61331">
LabVIEW FPGA: 发送至编译工作站的UnitOfWork文件已损坏。
</nierror>
<nierror code="-61330">
LabVIEW FPGA: 编译工作站发生内部错误。
</nierror>
<nierror code="-61329">
LabVIEW FPGA: LabVIEW FPGA模块无法从编译场服务器下载文件。尝试重新编译FPGA VI。
</nierror>
<nierror code="-61323">
LabVIEW FPGA: 当前终端没有可于CLIP的DCM。
</nierror>
<nierror code="-61322">
LabVIEW FPGA: 当前终端没有可于CLIP的MMCM。
</nierror>
<nierror code="-61321">
LabVIEW FPGA: 编译场服务器不存在任何可以执行该编译的编译工作站。
</nierror>
<nierror code="-61320">
LabVIEW FPGA: 编译场服务器已取消该编译。
</nierror>
<nierror code="-61319">
LabVIEW FPGA: 编译场服务器已中止该编译。
</nierror>
<nierror code="-61318">
LabVIEW FPGA: 编译工作站无法执行该编译。该编译工作站可能未根据该编译进行正确配置，或者处于错误状态。
</nierror>
<nierror code="-61317">
LabVIEW FPGA: 本计算机中尚未安装该编译所需的Xilinx工具。
</nierror>
<nierror code="-61316">
LabVIEW FPGA: 本计算机中未安装编译工作站。
</nierror>
<nierror code="-61315">
LabVIEW FPGA: 无许可证用于编译云服务或者该许可证已过期。
</nierror>
<nierror code="-61314">
LabVIEW FPGA: 编译场服务器无法恢复已断开的编译。
</nierror>
<nierror code="-61313">
LabVIEW FPGA: 编译场服务器返回无效的用户名和密码组合。
</nierror>
<nierror code="-61312">
LabVIEW FPGA: 本计算机中未安装编译场服务器。
</nierror>
<nierror code="-61311">
LabVIEW FPGA: LabVIEW无法联系编译场服务器。
</nierror>
<nierror code="-61310">
LabVIEW FPGA: 该终端不支持时钟。
</nierror>
<nierror code="-61309">
LabVIEW FPGA: 节点需要同步重置，但程序生成规范允许启用移除。
</nierror>
<nierror code="-61308">
LabVIEW FPGA: 允许启用移除的应用程序不支持该节点。
</nierror>
<nierror code="-61307">
LabVIEW FPGA: 重置时需要运行时钟的节点处于允许移除的应用程序中。
</nierror>
<nierror code="-61306">
LabVIEW FPGA: 允许启用移除的应用程序不支持该CLIP。
</nierror>
<nierror code="-61305">
LabVIEW FPGA: 允许启用移除的应用程序不支持该CLIP。
</nierror>
<nierror code="-61304">
LabVIEW FPGA: LabVIEW客户端版本与编译服务器版本不兼容。
</nierror>
<nierror code="-61303">
LabVIEW FPGA: 文件操作接收到空路径。
</nierror>
<nierror code="-61302">
LabVIEW FPGA: 更改记录启用后需要重新启动。
</nierror>
<nierror code="-61301">
LabVIEW FPGA: 访问未分配的引用。
发生内部软件错误。  请通过ni.com/support联系National Instruments以获取技术支持。
</nierror>
<nierror code="-61300">
LabVIEW FPGA: 用户取消进行中的操作。
</nierror>
<nierror code="-61299">
LabVIEW FPGA: 循环需要启用移除，但程序生成规范不支持启用移除。
</nierror>
<nierror code="-61298">
LabVIEW FPGA: 该终端不支持启用移除。
</nierror>
<nierror code="-61297">
LabVIEW FPGA: 由不支持门控时钟控制的循环需要启用移除。
</nierror>
<nierror code="-61296">
LabVIEW FPGA: 需要启用移除的循环已按条件停止执行。
</nierror>
<nierror code="-61295">
LabVIEW FPGA: 需要启用移除的循环包括数据流依赖关系。
</nierror>
<nierror code="-61294">
LabVIEW FPGA: 所选数据类型的大小对于所选DRAM过大。
</nierror>
<nierror code="-61293">
LabVIEW FPGA: 存储器分配所需DRAM不足。
</nierror>
<nierror code="-61292">
LabVIEW FPGA: 缺少基于DRAM存储器的方法。
</nierror>
<nierror code="-61291">
LabVIEW FPGA: 请求数据和获取数据存储器方法必须属于同一个时钟域。
</nierror>
<nierror code="-61290">
LabVIEW FPGA: SCTL外部不支持DRAM存储器方法。
</nierror>
<nierror code="-61289">
LabVIEW FPGA: 在DRAM存储器写入方法中，“字节启用”的数组大小与“存储器输入”的字节数不匹配。
</nierror>
<nierror code="-61254">
LabVIEW FPGA: 该比特文件只能运行一次。再次运行VI之前，需要重新下载位文件。调用“下载”之前，请确保未将“打开FPGA VI引用”节点配置为运行。
</nierror>
<nierror code="-61253">
LabVIEW FPGA: 对于不支持重置的比特文件，LabVIEW FPGA不支持“关闭且最后引用时重置”。相反，右键单击“关闭FPGA VI引用”函数并选择关闭。
</nierror>
<nierror code="-61252">
LabVIEW FPGA: FPGA正处于搜索模式或正被配置，无法执行该操作。等待配置或搜索完成并重试操作。
</nierror>
<nierror code="-61251">
LabVIEW FPGA: bitfile与FPGA接口引用线配置不兼容。
</nierror>
<nierror code="-61250">
LabVIEW FPGA: Xilinx安装已损坏或丢失。
</nierror>
<nierror code="-61247">
LabVIEW FPGA: VI无法编译用于FPGA。
</nierror>
<nierror code="-61246">
LabVIEW FPGA: FIFO、存储器或寄存器方法缺少资源定义。
</nierror>
<nierror code="-61245">
LabVIEW FPGA: VI无法编译用于FPGA。
</nierror>
<nierror code="-61244">
LabVIEW FPGA: 没有程序框图，VI不能编译。LabVIEW FPGA模块不支持保存不含有程序框图的VI。
</nierror>
<nierror code="-61243">
LabVIEW FPGA: 数组未满足实现要求。
</nierror>
<nierror code="-61242">
LabVIEW FPGA: FPGA模块不支持这些数据类型的组合。
</nierror>
<nierror code="-61241">
LabVIEW FPGA: 重复文件错误。
</nierror>
<nierror code="-61240">
LabVIEW FPGA: 重复文件错误。
</nierror>
<nierror code="-61239">
LabVIEW FPGA: 仅在FPGA终端中支持FIFO执行。
</nierror>
<nierror code="-61238">
LabVIEW FPGA: 仅在FPGA终端中支持存储器执行。
</nierror>
<nierror code="-61237">
LabVIEW FPGA: 需要常量输入的接线端被连线至非常量源。
</nierror>
<nierror code="-61236">
LabVIEW FPGA: 需要常量输入的接线端未连线。
</nierror>
<nierror code="-61235">
LabVIEW FPGA: 连线至FIFO方法节点“FIFO输入”的值对应的FIFO项与FIFO方法节点的配置不匹配。
</nierror>
<nierror code="-61234">
LabVIEW FPGA: 连线至FIFO方法节点“FIFO输入”的值未对应项目中的FIFO项，或VI定义的FIFO。
</nierror>
<nierror code="-61233">
LabVIEW FPGA: 连线至FIFO方法节点“FIFO输入”的值为空字符串。  确保连线值对应于项目中的FIFO项或VI定义的FIFO。
</nierror>
<nierror code="-61232">
LabVIEW FPGA: 连线至存储器方法节点“存储器输入”的值对应的存储器项与存储器方法节点的配置不匹配。
</nierror>
<nierror code="-61231">
LabVIEW FPGA: 连线至存储器方法节点“存储器输入”的值未对应项目中的存储器项，或VI定义的存储器。
</nierror>
<nierror code="-61230">
LabVIEW FPGA: 连线至存储器方法节点“存储器输入”的值为空字符串。  确保连线值对应于项目中的存储器项或VI定义的存储器。
</nierror>
<nierror code="-61229">
LabVIEW FPGA: 连线至寄存器方法节点的“寄存器输入”的值对应的寄存器项与寄存器方法节点的配置不匹配。
</nierror>
<nierror code="-61228">
LabVIEW FPGA: 连线至寄存器方法节点“寄存器输入”的值未对应项目中的寄存器项，或VI定义的寄存器。
</nierror>
<nierror code="-61227">
LabVIEW FPGA: 连线至寄存器方法节点的“寄存器输入”的值为空字符串。  确保连线值对应于项目中的寄存器项或VI定义的寄存器。
</nierror>
<nierror code="-61226">
LabVIEW FPGA: 连线至握手方法节点的“握手输入”的值对应的握手项与握手方法节点的配置不匹配。
</nierror>
<nierror code="-61225">
LabVIEW FPGA: 连线至握手方法节点的“握手输入”的值未对应项目中的握手项，或VI定义的握手。
</nierror>
<nierror code="-61224">
LabVIEW FPGA: 连线至握手方法节点“握手输入”的值为空字符串。  确保连线值对应于项目中的握手项或VI定义的握手。
</nierror>
<nierror code="-61223">
LabVIEW FPGA: 仅在FPGA终端中支持寄存器执行。
</nierror>
<nierror code="-61222">
LabVIEW FPGA: 仅在FPGA终端中支持握手执行。
</nierror>
<nierror code="-61221">
LabVIEW FPGA: 将FPGA终端配置为第三方仿真时，不支持“关闭并重置”。
</nierror>
<nierror code="-61220">
LabVIEW FPGA: 无效的存储器访问。
</nierror>
<nierror code="-61219">
LabVIEW FPGA: 请求的元素数量必须小于或等于主机存储器DMA FIFO中剩余的未采集的元素数量。当前FIFO中剩余的未采集的元素数量小于请求的元素数量。采集更多元素之前，使用“删除数据值引用”函数释放一些已采集的元素。
</nierror>
<nierror code="-61218">
LabVIEW FPGA: 配置超过65536个元素数量，且FPGA终端执行模式配置为第三方仿真器时，不支持FIFO.配置。
</nierror>
<nierror code="-61217">
LabVIEW FPGA: DMA FIFO区域引用被指定会话使用时，该会话不能关闭或重置，位文件也不能够被下载。执行任意操作前，使用“删除数据值引用”函数删除采集读取区域或采集写入区域采集的全部区域。
</nierror>
<nierror code="-61216">
LabVIEW FPGA: 门控时钟违反了握手协议。如果使用外部门控时钟，请确保外部时钟遵循所需的时钟门控协议。如内部生成时钟，请联系National Instruments技术支持。
</nierror>
<nierror code="-61215">
LabVIEW FPGA: 允许在单周期定时循环内移除隐式启用信号的比特文件仅能运行一次。再次运行VI之前，需要重新下载比特文件。
</nierror>
<nierror code="-61214">
LabVIEW FPGA: 对于允许在单周期定时循环内移除隐式启用信号的比特文件，LabVIEW FPGA在运行比特文件之前不支持该方法。
</nierror>
<nierror code="-61213">
LabVIEW FPGA: 对于允许在单周期定时循环内移除隐式启用信号的比特文件，LabVIEW FPGA不支持“关闭且最后引用时重置”。相反，右键单击“关闭FPGA VI引用”函数并选择关闭。
</nierror>
<nierror code="-61212">
LabVIEW FPGA: 对于允许在单周期定时循环内移除隐式启用信号的比特文件，LabVIEW FPGA不支持中止方法。
</nierror>
<nierror code="-61211">
LabVIEW FPGA: 对于允许在单周期定时循环内移除隐式启用信号的比特文件，LabVIEW FPGA不支持重置方法。
</nierror>
<nierror code="-61210">
LabVIEW FPGA: 初始化LabVIEW FPGA仿真时发生错误。
</nierror>
<nierror code="-61209">
LabVIEW FPGA: 将FPGA终端配置为在第三方仿真器上执行时，不支持该函数。
</nierror>
<nierror code="-61208">
LabVIEW FPGA: 仅当FPGA VI引用被配置为动态模式并且FPGA终端被配置为在第三方仿真器上执行时，才可支持该函数。
</nierror>
<nierror code="-61207">
LabVIEW FPGA: 内部错误：框图重置未在超时周期内进行清除。

请通过ni.com/support联系NI技术支持。
</nierror>
<nierror code="-61206">
LabVIEW FPGA: 配置项不存在。
</nierror>
<nierror code="-61205">
LabVIEW FPGA: 所选名称的项已存在，但该项的数据类型与“打开FPGA VI引用”的配置不相同。
</nierror>
<nierror code="-61204">
LabVIEW FPGA: FPGA正处于仿真模式，无法执行该操作。请求该操作前应停止所有活动。
</nierror>
<nierror code="-61203">
LabVIEW FPGA: 由于FPGA正处于交互模式，将无法进行该操作。请求该操作前应停止所有活动。
</nierror>
<nierror code="-61202">
LabVIEW FPGA: 指向其他VI的FPGA VI引用当前打开，LabVIEW不能执行该操作。执行本操作前，必须关闭当前打开的FPGA VI引用。
</nierror>
<nierror code="-61201">
LabVIEW FPGA: 该机箱正处于扫描接口编程模式。如需运行FPGA VI，必须在机箱属性页面中选择FPGA编程模式并部署该设置。
</nierror>
<nierror code="-61200">
LabVIEW FPGA: 由于FPGA正处于FPGA接口C API模式，将无法进行该操作。请求该操作前应停止所有活动。
</nierror>
<nierror code="-61199">
LabVIEW FPGA: I/O项不支持在开发计算机上使用实时I/O执行，执行终止。

仅在FPGA VI中使用的所有I/O项支持该执行模式时，可在开发计算机上执行使用实时I/O的FPGA VI。
</nierror>
<nierror code="-61198">
LabVIEW FPGA: SCTL外部不支持握手方法。
</nierror>
<nierror code="-61197">
LabVIEW FPGA: 一个握手不支持使用多个每种类型方法。
</nierror>
<nierror code="-61196">
LabVIEW FPGA: 用于握手的无确认的读取方法和确认方法必须在同一个时钟域内使用。
</nierror>
<nierror code="-61195">
LabVIEW FPGA: 用于握手的无确认的读取方法和确认方法不能分开使用。
</nierror>
<nierror code="-61194">
LabVIEW FPGA: 不能同时使用用于握手的读取方法和无确认的读取方法（或确认方法）。
</nierror>
<nierror code="-61193">
LabVIEW FPGA: 握手缺少读取方法或写入方法。
</nierror>
<nierror code="-61192">
LabVIEW FPGA: 假常量已连线至DSP48节点的启用接线端。
</nierror>
<nierror code="-61191">
LabVIEW FPGA: 该IP集成节点指定了无法兼容的.ngc综合文件。
</nierror>
<nierror code="-61190">
LabVIEW FPGA: CLIP声明文件和CLIP实例的时钟设置不一致。
</nierror>
<nierror code="-61189">
LabVIEW FPGA: CLIP引用一个不符合要求的FPGA时钟。
</nierror>
<nierror code="-61188">
LabVIEW FPGA: CLIP引用不存在的FPGA时钟。
</nierror>
<nierror code="-61187">
LabVIEW FPGA: 缺少CLIP实现文件。
</nierror>
<nierror code="-61186">
LabVIEW FPGA: 已更新CLIP声明文件。
</nierror>
<nierror code="-61185">
LabVIEW FPGA: 缺少CLIP声明。
</nierror>
<nierror code="-61184">
LabVIEW FPGA: 错误配置CLIP实例。
</nierror>
<nierror code="-61183">
LabVIEW FPGA: 传递函数阶数超出允许的最大阶数。
</nierror>
<nierror code="-61182">
LabVIEW FPGA: 传递函数不正确。分子阶数必须小于等于分母阶数。
</nierror>
<nierror code="-61181">
LabVIEW FPGA: 陷波宽度或Q因子必须大于零。
</nierror>
<nierror code="-61180">
LabVIEW FPGA: 陷波内的所有频率f必须满足：0 < fc < fs/2，fs为采样率。
</nierror>
<nierror code="-61179">
LabVIEW FPGA: 终端不支持的节点。
</nierror>
<nierror code="-61178">
LabVIEW FPGA: 内部软件错误：无法解析用于端口的时钟。
</nierror>
<nierror code="-61177">
LabVIEW FPGA: FIFO缺少读取或写入方法。
</nierror>
<nierror code="-61176">
LabVIEW FPGA: FIFO方法使用无效的时钟。
</nierror>
<nierror code="-61175">
LabVIEW FPGA: FPGA FIFO节点未连线至FPGA FIFO名称。
</nierror>
<nierror code="-61174">
LabVIEW FPGA: FPGA存储器节点未连线至FPGA存储器名称。
</nierror>
<nierror code="-61173">
LabVIEW FPGA: 项与名称控件的配置不匹配。
</nierror>
<nierror code="-61172">
LabVIEW FPGA: 未找到项目项。
</nierror>
<nierror code="-61171">
LabVIEW FPGA: 名称控件或常量为空。
</nierror>
<nierror code="-61170">
LabVIEW FPGA: 实部和虚部输入数据数组大小必须相同。
</nierror>
<nierror code="-61169">
LabVIEW FPGA: 按照给定的时钟频率在FPGA上无法获取输入参数。
</nierror>
<nierror code="-61168">
LabVIEW FPGA: 通道索引输入超出已配置的通道数量。
</nierror>
<nierror code="-61167">
LabVIEW FPGA: FPGA终端配置为仿真模式时，不支持该函数。
</nierror>
<nierror code="-61166">
LabVIEW FPGA: HDL接口节点文件冲突
</nierror>
<nierror code="-61165">
LabVIEW FPGA: 由于FPGA VI已断开，将无法执行该FPGA VI的仿真。
</nierror>
<nierror code="-61164">
LabVIEW FPGA: 不支持该类型的局部和全局变量。
</nierror>
<nierror code="-61163">
LabVIEW FPGA: 内部软件错误。
</nierror>
<nierror code="-61162">
LabVIEW FPGA: 必须在单周期定时循环内部使用对象。
</nierror>
<nierror code="-61161">
LabVIEW FPGA: 单周期定时循环外部不支持VI执行模式。
</nierror>
<nierror code="-61160">
LabVIEW FPGA: 单周期定时循环内部不支持VI执行模式。
</nierror>
<nierror code="-61159">
LabVIEW FPGA: FPGA终端配置为“带实际I/O的仿真”时，不支持该函数。
</nierror>
<nierror code="-61158">
LabVIEW FPGA: 不支持For循环的条件接线端。
</nierror>
<nierror code="-61157">
LabVIEW FPGA: 单周期定时循环不支持的对象。
</nierror>
<nierror code="-61156">
LabVIEW FPGA: 事件发生不支持时钟域交叉。
</nierror>
<nierror code="-61155">
LabVIEW FPGA: 资源不支持的时钟。
</nierror>
<nierror code="-61154">
LabVIEW FPGA: 不支持通过不同的时钟域访问。
</nierror>
<nierror code="-61153">
LabVIEW FPGA: 未配置Express VI。
</nierror>
<nierror code="-61152">
LabVIEW FPGA: 不支持可变时钟速率。
</nierror>
<nierror code="-61151">
LabVIEW FPGA: 函数或结构必须连接至固定时钟名称。
</nierror>
<nierror code="-61150">
LabVIEW FPGA: 未找到时钟项目项。
</nierror>
<nierror code="-61149">
LabVIEW FPGA: 时钟控件或常量为空。
</nierror>
<nierror code="-61148">
LabVIEW FPGA: 时钟速率不匹配。
</nierror>
<nierror code="-61147">
LabVIEW FPGA: 内部软件错误。
</nierror>
<nierror code="-61146">
LabVIEW FPGA: IP集成节点必须包含一个时钟启用端口。
</nierror>
<nierror code="-61145">
LabVIEW FPGA: 未找到HDL接口节点文件。
</nierror>
<nierror code="-61144">
LabVIEW FPGA: 单周期定时循环外的HDL接口节点。
</nierror>
<nierror code="-61143">
LabVIEW FPGA: 前面板控件控件超出大小限制。
</nierror>
<nierror code="-61142">
LabVIEW FPGA: VI已断开。
</nierror>
<nierror code="-61141">
LabVIEW FPGA: 由于FPGA忙碌，无法进行该操作。请求该操作前应停止所有活动。如该终端处于扫描接口编程模式，将其置于FPGA接口编程模式。如RIO设备设置或MAX当前正将比特文件下载至设备闪存中，则等待至下载完成。
</nierror>
<nierror code="-61140">
LabVIEW FPGA: VI类型不支持，无法编译VI。只能编译标准VI。
</nierror>
<nierror code="-61139">
LabVIEW FPGA: 顶层时钟速率已更改。
</nierror>
<nierror code="-61138">
LabVIEW FPGA: 终端的顶层时钟无效。
</nierror>
<nierror code="-61137">
LabVIEW FPGA: 内部软件错误。
</nierror>
<nierror code="-61136">
LabVIEW FPGA: 内部软件错误。
</nierror>
<nierror code="-61135">
LabVIEW FPGA: 内部软件错误
</nierror>
<nierror code="-61134">
LabVIEW FPGA: 单周期定时循环内的HDL接口节点。
</nierror>
<nierror code="-61133">
LabVIEW FPGA: 子VI不支持前面板控件跨时钟域。
</nierror>
<nierror code="-61132">
LabVIEW FPGA: 子VI不支持前面板控件跨时钟域。
</nierror>
<nierror code="-61131">
LabVIEW FPGA: 内部软件错误。
</nierror>
<nierror code="-61130">
LabVIEW FPGA: 资源接口请求方过多。
</nierror>
<nierror code="-61129">
LabVIEW FPGA: 顶层端口包含多个驱动。
</nierror>
<nierror code="-61128">
LabVIEW FPGA: 内部软件错误。
</nierror>
<nierror code="-61127">
LabVIEW FPGA: 内部软件错误。
</nierror>
<nierror code="-61126">
LabVIEW FPGA: 内部软件错误。
</nierror>
<nierror code="-61125">
LabVIEW FPGA: 在所选组件创建顶层端口之前，已对该端口进行请求。
</nierror>
<nierror code="-61124">
LabVIEW FPGA: 初始化资源数据库之前，已对该资源进行请求。
</nierror>
<nierror code="-61123">
LabVIEW FPGA: 内部软件错误。
</nierror>
<nierror code="-61122">
LabVIEW FPGA: 内部软件错误。
</nierror>
<nierror code="-61121">
LabVIEW FPGA: 内部软件错误。
</nierror>
<nierror code="-61120">
LabVIEW FPGA: 尝试从组件移除寄存器出错。
</nierror>
<nierror code="-61119">
LabVIEW FPGA: 单周期定时循环不支持仲裁选项。
</nierror>
<nierror code="-61118">
LabVIEW FPGA: 不支持的函数输入。
</nierror>
<nierror code="-61117">
LabVIEW FPGA: 不支持的函数输入。
</nierror>
<nierror code="-61116">
LabVIEW FPGA: 不支持的复合运算输入。
</nierror>
<nierror code="-61115">
LabVIEW FPGA: 在不同的时钟域中使用不可重入VI。
</nierror>
<nierror code="-61114">
LabVIEW FPGA: 在单周期定时循环内和外使用非重入子VI。
</nierror>
<nierror code="-61113">
LabVIEW FPGA: 不允许常量引用。
</nierror>
<nierror code="-61112">
LabVIEW FPGA: 方法被多个时钟域调用。
</nierror>
<nierror code="-61111">
LabVIEW FPGA: 仅单周期定时循环支持的对象。
</nierror>
<nierror code="-61110">
LabVIEW FPGA: 无效FIFO实现。
</nierror>
<nierror code="-61109">
LabVIEW FPGA: 对象已连接至初始化移位寄存器。
</nierror>
<nierror code="-61108">
LabVIEW FPGA: 在单周期定时循环的内部和外部请求资源接口。
</nierror>
<nierror code="-61107">
LabVIEW FPGA: 单周期定时循环不支持仲裁选项。
</nierror>
<nierror code="-61106">
LabVIEW FPGA: 在单周期定时循环内部包含非重入子VI的多个实例。
</nierror>
<nierror code="-61105">
LabVIEW FPGA: 单周期定时循环内控件和局部变量存在多个写入方。
</nierror>
<nierror code="-61104">
LabVIEW FPGA: 单周期定时循环不支持仲裁选项。
</nierror>
<nierror code="-61103">
LabVIEW FPGA: 单周期定时循环不支持仲裁选项。
</nierror>
<nierror code="-61102">
LabVIEW FPGA: 单周期定时循环不支持仲裁选项。
</nierror>
<nierror code="-61101">
LabVIEW FPGA: 单周期定时循环不支持的对象。
</nierror>
<nierror code="-61100">
LabVIEW FPGA: 中断函数无法等待单周期定时循环的中断清零。
</nierror>
<nierror code="-61099">
LabVIEW FPGA: 外部时钟域中使用的内置FIFO。
</nierror>
<nierror code="-61098">
LabVIEW FPGA: 需要衍生时钟。
</nierror>
<nierror code="-61097">
LabVIEW FPGA: 未定义CLIP仿真模型。
</nierror>
<nierror code="-61096">
LabVIEW FPGA: 存储器为只读并通过自定义控件定义的类型。
</nierror>
<nierror code="-61095">
LabVIEW FPGA: 单周期定时循环外部已使用不包含隐式启用信号的对象。
</nierror>
<nierror code="-61094">
LabVIEW FPGA: 仿真中不支持该对象。
</nierror>
<nierror code="-61093">
LabVIEW FPGA: 条件结构内对象不包含隐式启用。
</nierror>
<nierror code="-61092">
LabVIEW FPGA: 资源不支持单周期定时循环。
</nierror>
<nierror code="-61091">
LabVIEW FPGA: 资源必须位于单周期定时循环内部。
</nierror>
<nierror code="-61090">
LabVIEW FPGA: 在不支持时钟域内使用资源。
</nierror>
<nierror code="-61089">
LabVIEW FPGA: 取消初始化只读存储器。
</nierror>
<nierror code="-61088">
LabVIEW FPGA: 当前终端不支持内置FIFO。
</nierror>
<nierror code="-61087">
LabVIEW FPGA: 更改文件需要重新配置节点。
</nierror>
<nierror code="-61086">
LabVIEW FPGA: 文件不存在。
</nierror>
<nierror code="-61085">
LabVIEW FPGA: 当前终端不支持IP。
</nierror>
<nierror code="-61084">
LabVIEW FPGA: 相对时钟频率不匹配。
</nierror>
<nierror code="-61083">
LabVIEW FPGA: 发生硬件时钟错误。在执行FPGA VI时，衍生时钟丢失对基时钟的锁定。如外部源已引用该衍生时钟的任一基时钟，请确保已连接外部源并属于可支持的频率、抖动、精度、占空比和电压规范。同时验证基时钟规范可匹配“FPGA基时钟属性”对话框中指定的配置。如衍生时钟的所有基时钟通过独立板载源生成，请通过ni.com/support联系National Instruments技术支持。
</nierror>
<nierror code="-61082">
LabVIEW FPGA: 当前终端的可用DMA控制线不足。
</nierror>
<nierror code="-61081">
LabVIEW FPGA: 当前终端的可用DMA通道不足。
</nierror>
<nierror code="-61080">
LabVIEW FPGA: 该函数不支持FPGA中断。
</nierror>
<nierror code="-61079">
LabVIEW FPGA: FPGA上用于特定寄存器的地址空间不足。
</nierror>
<nierror code="-61078">
LabVIEW FPGA: 请求存储器无法被分配。
</nierror>
<nierror code="-61077">
LabVIEW FPGA: 已终止DMA FIFO。使用DMA FIFO时已重新配置FPGA。
</nierror>
<nierror code="-61076">
LabVIEW FPGA: 在超时周期内未完成DMA传输。
</nierror>
<nierror code="-61075">
LabVIEW FPGA: DMA传输已中止，尚未完成。
</nierror>
<nierror code="-61074">
LabVIEW FPGA: 超时参数必须为-1、0或正数。
</nierror>
<nierror code="-61073">
LabVIEW FPGA: 要读取或写入的元素数量必须小于主机内存DMA FIFO的深度。
</nierror>
<nierror code="-61072">
LabVIEW FPGA: 请求FIFO深度无效。可能为0或者硬件不支持的数量。
</nierror>
<nierror code="-61071">
LabVIEW FPGA: 比特文件或FPGA设计中未找到选定的DMA FIFO，或比特文件未同步。
</nierror>
<nierror code="-61070">
LabVIEW FPGA: 指定VI的已编译比特文件包含无效或损坏的信息。

可重新编译VI纠正错误。
</nierror>
<nierror code="-61069">
LabVIEW FPGA: 位文件是通过更高版本的LabVIEW创建的，与当前版本不兼容。
</nierror>
<nierror code="-61068">
LabVIEW FPGA: 不相关的超过时钟错误
</nierror>
<nierror code="-61067">
LabVIEW FPGA: 超出时钟资源限制。
</nierror>
<nierror code="-61066">
LabVIEW FPGA: FIFO计数方法和FIFO写入/读取方法的时钟域不兼容。
</nierror>
<nierror code="-61065">
LabVIEW FPGA: 数字资源访问冲突。
</nierror>
<nierror code="-61064">
LabVIEW FPGA: 已配置的HDL接口节点在重置时需要时钟。
</nierror>
<nierror code="-61063">
LabVIEW FPGA: 组件重置时需运行时钟。
</nierror>
<nierror code="-61062">
LabVIEW FPGA: 内部软件错误。
</nierror>
<nierror code="-61061">
LabVIEW FPGA: FPGA VI中当前不支持嵌套库。
</nierror>
<nierror code="-61060">
LabVIEW FPGA: 内存项未选择时钟域交叉。
</nierror>
<nierror code="-61059">
LabVIEW FPGA: 所选控件未找到或不同步。
</nierror>
<nierror code="-61058">
LabVIEW FPGA: 使用外部循环的时钟不能退出。
</nierror>
<nierror code="-61057">
LabVIEW FPGA: 内部软件错误。
</nierror>
<nierror code="-61056">
LabVIEW FPGA: 运行时无法启用/禁用顶层时钟。
</nierror>
<nierror code="-61055">
LabVIEW FPGA: 时钟需要启用/禁用但未进行编程。
</nierror>
<nierror code="-61054">
LabVIEW FPGA: 无法在正在启用或禁用的时钟域内启用/禁用时钟。
</nierror>
<nierror code="-61053">
LabVIEW FPGA: 可用DMA通道不足。
</nierror>
<nierror code="-61052">
LabVIEW FPGA: FIFO缺少一个函数。
</nierror>
<nierror code="-61051">
LabVIEW FPGA: 多个FIFO使用相同的DMA通道。
</nierror>
<nierror code="-61050">
LabVIEW FPGA: FIFO实现不支持时钟域交叉。
</nierror>
<nierror code="-61049">
LabVIEW FPGA: 启用/禁用时钟需要时钟支持运行时启用/禁用。
</nierror>
<nierror code="-61048">
LabVIEW FPGA: 该终端不支持DMA输出（主机至终端）。
</nierror>
<nierror code="-61047">
LabVIEW FPGA: 单周期定时循环中不支持使用同步显示的输入控件或显示控件。
</nierror>
<nierror code="-61046">
LabVIEW FPGA: 主机和FPGA终端通信时发生错误。

如使用外部时钟，应确保已连接时钟并复合支持的规范。同时验证外部时钟的速率匹配指定的时钟速率。如内部生成时钟，请联系NI技术支持。
</nierror>
<nierror code="-61045">
LabVIEW FPGA: 在同步输入控件/显示控件中限制使用局部变量。
</nierror>
<nierror code="-61044">
LabVIEW FPGA: 终端的地址空间无法容纳请求数量的寄存器。
</nierror>
<nierror code="-61043">
LabVIEW FPGA: 内部软件错误。
</nierror>
<nierror code="-61042">
LabVIEW FPGA: 内部软件错误。
</nierror>
<nierror code="-61041">
LabVIEW FPGA: 寄存器名称冲突。
</nierror>
<nierror code="-61040">
LabVIEW FPGA: 不支持的访问策略。
</nierror>
<nierror code="-61039">
LabVIEW FPGA: 超出时钟资源限制。
</nierror>
<nierror code="-61038">
LabVIEW FPGA: 不支持毫秒定时精度。
</nierror>
<nierror code="-61037">
LabVIEW FPGA: 用于From-To约束的时钟请求不存在。
</nierror>
<nierror code="-61036">
LabVIEW FPGA: 不支持微秒定时精度。
</nierror>
<nierror code="-61035">
LabVIEW FPGA: 不支持毫秒/微秒定时精度。
</nierror>
<nierror code="-61034">
LabVIEW FPGA: 终端的顶层时钟无效。
</nierror>
<nierror code="-61033">
LabVIEW FPGA: 项目中的两个时钟源使用相同的时钟信号名称。
</nierror>
<nierror code="-61032">
LabVIEW FPGA: 可用的硬件无法生成衍生时钟。
</nierror>
<nierror code="-61031">
LabVIEW FPGA: 应用程序未配置时钟。可在项目树中配置时钟。
</nierror>
<nierror code="-61030">
LabVIEW FPGA: 超出时钟资源限制。
</nierror>
<nierror code="-61029">
LabVIEW FPGA: 时钟的VHDL信号名称必须包含"Clk"或"Clock"。首字母可以为大写或小写，后续字母必须为小写。
</nierror>
<nierror code="-61028">
LabVIEW FPGA: LV FPGA终端的开发者插件未提供用于所有顶层时钟的定时约束。
</nierror>
<nierror code="-61027">
LabVIEW FPGA: 超出时钟资源限制。
</nierror>
<nierror code="-61026">
LabVIEW FPGA: 未配置找到的时钟名称。
</nierror>
<nierror code="-61025">
LabVIEW FPGA: 不支持启用/禁用衍生时钟。
</nierror>
<nierror code="-61024">
LabVIEW FPGA: 该函数已配置的设备类型不匹配设备的实际类型。
</nierror>
<nierror code="-61023">
LabVIEW FPGA: 函数中配置为使用该地址的设备不可用。
</nierror>
<nierror code="-61022">
LabVIEW FPGA: 该FPGA终端不支持在仿真模式运行FPGA VI。
</nierror>
<nierror code="-61021">
LabVIEW FPGA: FPGA VI的FPGA接口已过期。右键单击并选择“刷新”。
</nierror>
<nierror code="-61020">
LabVIEW FPGA: 不支持FIFO超时。
</nierror>
<nierror code="-61019">
LabVIEW FPGA: “数字输出”函数和“数字端口输出”函数无法访问单周期定时循环中的数字I/O资源。
</nierror>
<nierror code="-61018">
LabVIEW FPGA: 下载VI至FPGA设备时发生错误。

应确保终端已连接并接通电源，终端资源已正确配置。
</nierror>
<nierror code="-61017">
LabVIEW FPGA: 必须为选定的终端重新编译VI。
</nierror>
<nierror code="-61016">
LabVIEW FPGA: 必须为该终端重新编译VI。
</nierror>
<nierror code="-61015">
LabVIEW FPGA: 未发现可下载的比特位文件。必须为该终端重新编译VI。
</nierror>
<nierror code="-61014">
LabVIEW FPGA: 设备不存在或未连接。

可能的原因：
-该终端的资源不正确或指定的终端资源不存在。
-如为远程终端：
A.远程系统可能已关闭。
    B.可能未正确安装使用远程系统上设备的软件。
    C.未正确配置访问远程系统的网络。
    D.可能未获取设置访问终端的服务器的权限。
</nierror>
<nierror code="-61013">
LabVIEW FPGA: “FIFO方法节点”在访问FIFO前已超时。在当前方法超时前，如访问相同FIFO的其它“FIFO方法节点”未完成操作，可导致该错误。
</nierror>
<nierror code="-61012">
LabVIEW FPGA: 用于初始化FIFO的FPGA VI引用无效。
</nierror>
<nierror code="-61011">
LabVIEW FPGA: 不支持的FIFO大小。
</nierror>
<nierror code="-61010">
LabVIEW FPGA: 尝试读取、写入或关闭尚未使用“初始化FIFO”方法初始化的FIFO。
</nierror>
<nierror code="-61009">
LabVIEW FPGA: 未解析的LabVIEW类。
</nierror>
<nierror code="-61008">
LabVIEW FPGA: 顶层VI的类输入控件或显示控件。
</nierror>
<nierror code="-61007">
LabVIEW FPGA: 条件禁用结构包含断开的代码。
</nierror>
<nierror code="-61006">
LabVIEW FPGA: 用户提供的HDL中存在语法错误。
</nierror>
<nierror code="-61005">
LabVIEW FPGA: 仿真中不支持该对象。
</nierror>
<nierror code="-61004">
LabVIEW FPGA: 仿真不支持FIFO对象。
</nierror>
<nierror code="-61003">
LabVIEW FPGA: 当For循环位于单周期定时循环内时，不能在For循环内添加该函数。
</nierror>
<nierror code="-61002">
LabVIEW FPGA: 当节点位于单周期定时循环内时，数组大小超过了当前节点的界限。
</nierror>
<nierror code="61003">
LabVIEW FPGA: 通过“调用”方法指定并使用“运行”方法的FPGA VI已经运行。
</nierror>
<nierror code="61004">
LabVIEW FPGA: 事件发生追踪失败。
</nierror>
<nierror code="61005">
LabVIEW FPGA: 用于操作的的时钟频率错误。
</nierror>
<nierror code="61006">
LabVIEW FPGA: 该FPGA设备I/O函数、I/O方法节点或I/O属性节点使用的别名不存在。
</nierror>
<nierror code="61050">
LabVIEW FPGA: 函数的参数无效。
</nierror>
<nierror code="61051">
LabVIEW FPGA: 请求的存储器不可用，无法完成操作。
</nierror>
<nierror code="61052">
LabVIEW FPGA: 发生HDL代码生成错误。
</nierror>
<nierror code="61053">
LabVIEW FPGA: 发生资源管理错误。资源可能与配置冲突。
</nierror>
<nierror code="61054">
LabVIEW FPGA: 解释LabVIEW信号时发生代码生成错误。
</nierror>
<nierror code="61055">
LabVIEW FPGA: 内部软件错误。
</nierror>
<nierror code="61056">
LabVIEW FPGA: 无法满足程序框图中指定的定时。
</nierror>
<nierror code="61057">
LabVIEW FPGA: 内部流水线对象未连接足够的反馈节点。
</nierror>
<nierror code="61058">
LabVIEW FPGA: 单周期定时循环的时钟无效。
</nierror>
<nierror code="61059">
LabVIEW FPGA: 位于“存储器读取”方法后的反馈节点的初始化选项无效。
</nierror>
<nierror code="61060">
LabVIEW FPGA: 收到指定中断前“等待IRQ”方法已超时。
</nierror>
<nierror code="61061">
LabVIEW FPGA: 不支持“存储器读取”方法后的反馈节点的延迟。
</nierror>
<nierror code="61062">
LabVIEW FPGA: 位于“存储器读取”方法后的反馈节点的启用接线端无效。
</nierror>
<nierror code="61063">
LabVIEW FPGA: 使用通道连接初始化常量。
</nierror>
<nierror code="61064">
LabVIEW FPGA: 内部软件错误。
</nierror>
<nierror code="61211">
LabVIEW FPGA: 该VI中存在多个同名资源。  FPGA接口的动态模式仅可访问单个给定名称的资源。
</nierror>
<nierror code="61347">
LabVIEW FPGA: 该编译已超过可由服务器传输的数据量
</nierror>
</nidocument>
