<?xml version="1.0"?>
<nidocument>
<nicomment>
<nifamily displayname="CompactRIO MDK" familyname="CompactRIO MDK">
</nifamily>
</nicomment>
<nierror code="-358619">
Fehlercode eines Moduls der C-Serie von Drittanbietern. Weitere Informationen erhalten Sie in der Dokumentation des Moduls.
</nierror>
<nierror code="-358618">
Fehlercode eines Moduls der C-Serie von Drittanbietern. Weitere Informationen erhalten Sie in der Dokumentation des Moduls.
</nierror>
<nierror code="-358617">
Fehlercode eines Moduls der C-Serie von Drittanbietern. Weitere Informationen erhalten Sie in der Dokumentation des Moduls.
</nierror>
<nierror code="-358616">
Fehlercode eines Moduls der C-Serie von Drittanbietern. Weitere Informationen erhalten Sie in der Dokumentation des Moduls.
</nierror>
<nierror code="-358615">
Fehlercode eines Moduls der C-Serie von Drittanbietern. Weitere Informationen erhalten Sie in der Dokumentation des Moduls.
</nierror>
<nierror code="-358614">
Fehlercode eines Moduls der C-Serie von Drittanbietern. Weitere Informationen erhalten Sie in der Dokumentation des Moduls.
</nierror>
<nierror code="-358613">
Fehlercode eines Moduls der C-Serie von Drittanbietern. Weitere Informationen erhalten Sie in der Dokumentation des Moduls.
</nierror>
<nierror code="-358612">
Fehlercode eines Moduls der C-Serie von Drittanbietern. Weitere Informationen erhalten Sie in der Dokumentation des Moduls.
</nierror>
<nierror code="-358611">
Fehlercode eines Moduls der C-Serie von Drittanbietern. Weitere Informationen erhalten Sie in der Dokumentation des Moduls.
</nierror>
<nierror code="-358610">
Fehlercode eines Moduls der C-Serie von Drittanbietern. Weitere Informationen erhalten Sie in der Dokumentation des Moduls.
</nierror>
<nierror code="-358609">
Fehlercode eines Moduls der C-Serie von Drittanbietern. Weitere Informationen erhalten Sie in der Dokumentation des Moduls.
</nierror>
<nierror code="-358608">
Fehlercode eines Moduls der C-Serie von Drittanbietern. Weitere Informationen erhalten Sie in der Dokumentation des Moduls.
</nierror>
<nierror code="-358607">
Fehlercode eines Moduls der C-Serie von Drittanbietern. Weitere Informationen erhalten Sie in der Dokumentation des Moduls.
</nierror>
<nierror code="-358606">
Fehlercode eines Moduls der C-Serie von Drittanbietern. Weitere Informationen erhalten Sie in der Dokumentation des Moduls.
</nierror>
<nierror code="-358605">
Fehlercode eines Moduls der C-Serie von Drittanbietern. Weitere Informationen erhalten Sie in der Dokumentation des Moduls.
</nierror>
<nierror code="-358604">
Fehlercode eines Moduls der C-Serie von Drittanbietern. Weitere Informationen erhalten Sie in der Dokumentation des Moduls.
</nierror>
<nierror code="-358603">
Fehlercode eines Moduls der C-Serie von Drittanbietern. Weitere Informationen erhalten Sie in der Dokumentation des Moduls.
</nierror>
<nierror code="-358602">
Fehlercode eines Moduls der C-Serie von Drittanbietern. Weitere Informationen erhalten Sie in der Dokumentation des Moduls.
</nierror>
<nierror code="-358601">
Fehlercode eines Moduls der C-Serie von Drittanbietern. Weitere Informationen erhalten Sie in der Dokumentation des Moduls.
</nierror>
<nierror code="-358600">
Fehlercode eines Moduls der C-Serie von Drittanbietern. Weitere Informationen erhalten Sie in der Dokumentation des Moduls.
</nierror>
<nierror code="358600">
Fehlercode eines Moduls der C-Serie von Drittanbietern. Weitere Informationen erhalten Sie in der Dokumentation des Moduls.
</nierror>
<nierror code="358601">
Fehlercode eines Moduls der C-Serie von Drittanbietern. Weitere Informationen erhalten Sie in der Dokumentation des Moduls.
</nierror>
<nierror code="358602">
Fehlercode eines Moduls der C-Serie von Drittanbietern. Weitere Informationen erhalten Sie in der Dokumentation des Moduls.
</nierror>
<nierror code="358603">
Fehlercode eines Moduls der C-Serie von Drittanbietern. Weitere Informationen erhalten Sie in der Dokumentation des Moduls.
</nierror>
<nierror code="358604">
Fehlercode eines Moduls der C-Serie von Drittanbietern. Weitere Informationen erhalten Sie in der Dokumentation des Moduls.
</nierror>
<nierror code="358605">
Fehlercode eines Moduls der C-Serie von Drittanbietern. Weitere Informationen erhalten Sie in der Dokumentation des Moduls.
</nierror>
<nierror code="358606">
Fehlercode eines Moduls der C-Serie von Drittanbietern. Weitere Informationen erhalten Sie in der Dokumentation des Moduls.
</nierror>
<nierror code="358607">
Fehlercode eines Moduls der C-Serie von Drittanbietern. Weitere Informationen erhalten Sie in der Dokumentation des Moduls.
</nierror>
<nierror code="358608">
Fehlercode eines Moduls der C-Serie von Drittanbietern. Weitere Informationen erhalten Sie in der Dokumentation des Moduls.
</nierror>
<nierror code="358609">
Fehlercode eines Moduls der C-Serie von Drittanbietern. Weitere Informationen erhalten Sie in der Dokumentation des Moduls.
</nierror>
<nierror code="358610">
Fehlercode eines Moduls der C-Serie von Drittanbietern. Weitere Informationen erhalten Sie in der Dokumentation des Moduls.
</nierror>
<nierror code="358611">
Fehlercode eines Moduls der C-Serie von Drittanbietern. Weitere Informationen erhalten Sie in der Dokumentation des Moduls.
</nierror>
<nierror code="358612">
Fehlercode eines Moduls der C-Serie von Drittanbietern. Weitere Informationen erhalten Sie in der Dokumentation des Moduls.
</nierror>
<nierror code="358613">
Fehlercode eines Moduls der C-Serie von Drittanbietern. Weitere Informationen erhalten Sie in der Dokumentation des Moduls.
</nierror>
<nierror code="358614">
Fehlercode eines Moduls der C-Serie von Drittanbietern. Weitere Informationen erhalten Sie in der Dokumentation des Moduls.
</nierror>
<nierror code="358615">
Fehlercode eines Moduls der C-Serie von Drittanbietern. Weitere Informationen erhalten Sie in der Dokumentation des Moduls.
</nierror>
<nierror code="358616">
Fehlercode eines Moduls der C-Serie von Drittanbietern. Weitere Informationen erhalten Sie in der Dokumentation des Moduls.
</nierror>
<nierror code="358617">
Fehlercode eines Moduls der C-Serie von Drittanbietern. Weitere Informationen erhalten Sie in der Dokumentation des Moduls.
</nierror>
<nierror code="358618">
Fehlercode eines Moduls der C-Serie von Drittanbietern. Weitere Informationen erhalten Sie in der Dokumentation des Moduls.
</nierror>
<nierror code="358619">
Fehlercode eines Moduls der C-Serie von Drittanbietern. Weitere Informationen erhalten Sie in der Dokumentation des Moduls.
</nierror>
</nidocument>
