<?xml version="1.0"?>
<nidocument>
<nicomment>
<nifamily displayname="CompactRIO MDK" familyname="CompactRIO MDK">
</nifamily>
</nicomment>
<nierror code="-358619">
Code d'erreur de module de série C de tiers. Reportez-vous à la documentation du module pour en savoir plus.
</nierror>
<nierror code="-358618">
Code d'erreur de module de série C de tiers. Reportez-vous à la documentation du module pour en savoir plus.
</nierror>
<nierror code="-358617">
Code d'erreur de module de série C de tiers. Reportez-vous à la documentation du module pour en savoir plus.
</nierror>
<nierror code="-358616">
Code d'erreur de module de série C de tiers. Reportez-vous à la documentation du module pour en savoir plus.
</nierror>
<nierror code="-358615">
Code d'erreur de module de série C de tiers. Reportez-vous à la documentation du module pour en savoir plus.
</nierror>
<nierror code="-358614">
Code d'erreur de module de série C de tiers. Reportez-vous à la documentation du module pour en savoir plus.
</nierror>
<nierror code="-358613">
Code d'erreur de module de série C de tiers. Reportez-vous à la documentation du module pour en savoir plus.
</nierror>
<nierror code="-358612">
Code d'erreur de module de série C de tiers. Reportez-vous à la documentation du module pour en savoir plus.
</nierror>
<nierror code="-358611">
Code d'erreur de module de série C de tiers. Reportez-vous à la documentation du module pour en savoir plus.
</nierror>
<nierror code="-358610">
Code d'erreur de module de série C de tiers. Reportez-vous à la documentation du module pour en savoir plus.
</nierror>
<nierror code="-358609">
Code d'erreur de module de série C de tiers. Reportez-vous à la documentation du module pour en savoir plus.
</nierror>
<nierror code="-358608">
Code d'erreur de module de série C de tiers. Reportez-vous à la documentation du module pour en savoir plus.
</nierror>
<nierror code="-358607">
Code d'erreur de module de série C de tiers. Reportez-vous à la documentation du module pour en savoir plus.
</nierror>
<nierror code="-358606">
Code d'erreur de module de série C de tiers. Reportez-vous à la documentation du module pour en savoir plus.
</nierror>
<nierror code="-358605">
Code d'erreur de module de série C de tiers. Reportez-vous à la documentation du module pour en savoir plus.
</nierror>
<nierror code="-358604">
Code d'erreur de module de série C de tiers. Reportez-vous à la documentation du module pour en savoir plus.
</nierror>
<nierror code="-358603">
Code d'erreur de module de série C de tiers. Reportez-vous à la documentation du module pour en savoir plus.
</nierror>
<nierror code="-358602">
Code d'erreur de module de série C de tiers. Reportez-vous à la documentation du module pour en savoir plus.
</nierror>
<nierror code="-358601">
Code d'erreur de module de série C de tiers. Reportez-vous à la documentation du module pour en savoir plus.
</nierror>
<nierror code="-358600">
Code d'erreur de module de série C de tiers. Reportez-vous à la documentation du module pour en savoir plus.
</nierror>
<nierror code="358600">
Code d'erreur de module de série C de tiers. Reportez-vous à la documentation du module pour en savoir plus.
</nierror>
<nierror code="358601">
Code d'erreur de module de série C de tiers. Reportez-vous à la documentation du module pour en savoir plus.
</nierror>
<nierror code="358602">
Code d'erreur de module de série C de tiers. Reportez-vous à la documentation du module pour en savoir plus.
</nierror>
<nierror code="358603">
Code d'erreur de module de série C de tiers. Reportez-vous à la documentation du module pour en savoir plus.
</nierror>
<nierror code="358604">
Code d'erreur de module de série C de tiers. Reportez-vous à la documentation du module pour en savoir plus.
</nierror>
<nierror code="358605">
Code d'erreur de module de série C de tiers. Reportez-vous à la documentation du module pour en savoir plus.
</nierror>
<nierror code="358606">
Code d'erreur de module de série C de tiers. Reportez-vous à la documentation du module pour en savoir plus.
</nierror>
<nierror code="358607">
Code d'erreur de module de série C de tiers. Reportez-vous à la documentation du module pour en savoir plus.
</nierror>
<nierror code="358608">
Code d'erreur de module de série C de tiers. Reportez-vous à la documentation du module pour en savoir plus.
</nierror>
<nierror code="358609">
Code d'erreur de module de série C de tiers. Reportez-vous à la documentation du module pour en savoir plus.
</nierror>
<nierror code="358610">
Code d'erreur de module de série C de tiers. Reportez-vous à la documentation du module pour en savoir plus.
</nierror>
<nierror code="358611">
Code d'erreur de module de série C de tiers. Reportez-vous à la documentation du module pour en savoir plus.
</nierror>
<nierror code="358612">
Code d'erreur de module de série C de tiers. Reportez-vous à la documentation du module pour en savoir plus.
</nierror>
<nierror code="358613">
Code d'erreur de module de série C de tiers. Reportez-vous à la documentation du module pour en savoir plus.
</nierror>
<nierror code="358614">
Code d'erreur de module de série C de tiers. Reportez-vous à la documentation du module pour en savoir plus.
</nierror>
<nierror code="358615">
Code d'erreur de module de série C de tiers. Reportez-vous à la documentation du module pour en savoir plus.
</nierror>
<nierror code="358616">
Code d'erreur de module de série C de tiers. Reportez-vous à la documentation du module pour en savoir plus.
</nierror>
<nierror code="358617">
Code d'erreur de module de série C de tiers. Reportez-vous à la documentation du module pour en savoir plus.
</nierror>
<nierror code="358618">
Code d'erreur de module de série C de tiers. Reportez-vous à la documentation du module pour en savoir plus.
</nierror>
<nierror code="358619">
Code d'erreur de module de série C de tiers. Reportez-vous à la documentation du module pour en savoir plus.
</nierror>
</nidocument>
